Info: Generated by version: 21.3 build 170
Info: Starting: Create simulation model
Info: qsys-generate D:\Documents\Projects\Learning\SFP_test\ip\system_design\ddr_avalon_reset.ip --simulation=VERILOG --allow-mixed-language-simulation --simulator=MODELSIM --output-directory=D:\Documents\Projects\Learning\SFP_test\ip\system_design\ddr_avalon_reset --family="Cyclone 10 GX" --part=10CX220YF780I5G
Info: ddr_avalon_reset: "Transforming system: ddr_avalon_reset"
Info: ddr_avalon_reset: "Naming system components in system: ddr_avalon_reset"
Info: ddr_avalon_reset: "Processing generation queue"
Info: ddr_avalon_reset: "Generating: ddr_avalon_reset"
Info: ddr_avalon_reset: Done "ddr_avalon_reset" with 1 modules, 1 files
Info: Generating the following file(s) for MODELSIM simulator in D:/Documents/Projects/Learning/SFP_test/ip/system_design/ddr_avalon_reset/sim/ directory:
Info: 	common/modelsim_files.tcl
Info: For information on how to simulate your IP, see the explanatory comments in the simulator-specific subdirectories under D:/Documents/Projects/Learning/SFP_test/ip/system_design/ddr_avalon_reset/sim/.
Info: Regenerate these scripts whenever you make any change to any Quartus-generated IP in your project.
Info: qsys-generate succeeded.
Info: Finished: Create simulation model
Info: Starting: Create simulation script
Info: sim-script-gen --system-file=D:\Documents\Projects\Learning\SFP_test\ip\system_design\ddr_avalon_reset.ip --simulator=MODELSIM --output-directory=D:/Documents/Projects/Learning/SFP_test/ip/system_design/ddr_avalon_reset/sim/ --use-relative-paths=true
Info: Generating the following file(s) for MODELSIM simulator in D:/Documents/Projects/Learning/SFP_test/ip/system_design/ddr_avalon_reset/sim/ directory:
Info: 	mentor/msim_setup.tcl
Info: For information on how to simulate your IP, see the explanatory comments in the simulator-specific subdirectories under D:/Documents/Projects/Learning/SFP_test/ip/system_design/ddr_avalon_reset/sim/.
Info: Regenerate these scripts whenever you make any change to any Quartus-generated IP in your project.
Info: Finished: Create simulation script
Info: 
Info: Starting: Create HDL design files for synthesis
Info: qsys-generate D:\Documents\Projects\Learning\SFP_test\ip\system_design\ddr_avalon_reset.ip --synthesis=VERILOG --output-directory=D:\Documents\Projects\Learning\SFP_test\ip\system_design\ddr_avalon_reset --family="Cyclone 10 GX" --part=10CX220YF780I5G
Info: ddr_avalon_reset: "Transforming system: ddr_avalon_reset"
Info: ddr_avalon_reset: "Naming system components in system: ddr_avalon_reset"
Info: ddr_avalon_reset: "Processing generation queue"
Info: ddr_avalon_reset: "Generating: ddr_avalon_reset"
Info: ddr_avalon_reset: Done "ddr_avalon_reset" with 1 modules, 1 files
Info: qsys-generate succeeded.
Info: Finished: Create HDL design files for synthesis
