Info: Generated by version: 21.4 build 67
Info: Starting: Create simulation model
Info: qsys-generate C:\Users\alvas\Documents\Work_ASD\Projects\Learning\Ethernet\sfp_test\ip\system_design\mem_4.ip --simulation=VERILOG --allow-mixed-language-simulation --simulator=MODELSIM --output-directory=C:\Users\alvas\Documents\Work_ASD\Projects\Learning\Ethernet\sfp_test\ip\system_design\mem_4 --family="Cyclone 10 GX" --part=10CX220YF780E5G
Info: mem_4: "Transforming system: mem_4"
Info: mem_4: "Naming system components in system: mem_4"
Info: mem_4: "Processing generation queue"
Info: mem_4: "Generating: mem_4"
Info: mem_4: "Generating: mem_4_altera_avalon_onchip_memory2_1931_36jbw6a"
Info: mem_4: Starting RTL generation for module 'mem_4_altera_avalon_onchip_memory2_1931_36jbw6a'
Info: mem_4:   Generation command is [exec C:/intelfpga_pro/21.4/quartus/bin64//perl/bin/perl.exe -I C:/intelfpga_pro/21.4/quartus/bin64//perl/lib -I C:/intelfpga_pro/21.4/quartus/sopc_builder/bin/europa -I C:/intelfpga_pro/21.4/quartus/sopc_builder/bin/perl_lib -I C:/intelfpga_pro/21.4/quartus/sopc_builder/bin -I C:/intelfpga_pro/21.4/quartus/../ip/altera/sopc_builder_ip/common -I C:/intelfpga_pro/21.4/quartus/../ip/altera/sopc_builder_ip/altera_avalon_onchip_memory2 -- C:/intelfpga_pro/21.4/quartus/../ip/altera/sopc_builder_ip/altera_avalon_onchip_memory2/generate_rtl.pl --name=mem_4_altera_avalon_onchip_memory2_1931_36jbw6a --dir=C:/Users/alvas/AppData/Local/Temp/alt9255_2109964151502174698.dir/0004_mem_4_gen/ --quartus_dir=C:/intelfpga_pro/21.4/quartus --verilog --config=C:/Users/alvas/AppData/Local/Temp/alt9255_2109964151502174698.dir/0004_mem_4_gen//mem_4_altera_avalon_onchip_memory2_1931_36jbw6a_component_configuration.pl  --do_build_sim=1    --sim_dir=C:/Users/alvas/AppData/Local/Temp/alt9255_2109964151502174698.dir/0004_mem_4_gen/  ]
Info: mem_4: Done RTL generation for module 'mem_4_altera_avalon_onchip_memory2_1931_36jbw6a'
Info: mem_4: Done "mem_4" with 2 modules, 2 files
Info: Generating the following file(s) for MODELSIM simulator in C:/Users/alvas/Documents/Work_ASD/Projects/Learning/Ethernet/sfp_test/ip/system_design/mem_4/sim/ directory:
Info: 	common/modelsim_files.tcl
Info: For information on how to simulate your IP, see the explanatory comments in the simulator-specific subdirectories under C:/Users/alvas/Documents/Work_ASD/Projects/Learning/Ethernet/sfp_test/ip/system_design/mem_4/sim/.
Info: Regenerate these scripts whenever you make any change to any Quartus-generated IP in your project.
Info: qsys-generate succeeded.
Info: Finished: Create simulation model
Info: Starting: Create simulation script
Info: sim-script-gen --system-file=C:\Users\alvas\Documents\Work_ASD\Projects\Learning\Ethernet\sfp_test\ip\system_design\mem_4.ip --simulator=MODELSIM --output-directory=C:/Users/alvas/Documents/Work_ASD/Projects/Learning/Ethernet/sfp_test/ip/system_design/mem_4/sim/ --use-relative-paths=true
Info: Generating the following file(s) for MODELSIM simulator in C:/Users/alvas/Documents/Work_ASD/Projects/Learning/Ethernet/sfp_test/ip/system_design/mem_4/sim/ directory:
Info: 	mentor/msim_setup.tcl
Info: For information on how to simulate your IP, see the explanatory comments in the simulator-specific subdirectories under C:/Users/alvas/Documents/Work_ASD/Projects/Learning/Ethernet/sfp_test/ip/system_design/mem_4/sim/.
Info: Regenerate these scripts whenever you make any change to any Quartus-generated IP in your project.
Info: Finished: Create simulation script
Info: 
Info: Starting: Create HDL design files for synthesis
Info: qsys-generate C:\Users\alvas\Documents\Work_ASD\Projects\Learning\Ethernet\sfp_test\ip\system_design\mem_4.ip --synthesis=VERILOG --output-directory=C:\Users\alvas\Documents\Work_ASD\Projects\Learning\Ethernet\sfp_test\ip\system_design\mem_4 --family="Cyclone 10 GX" --part=10CX220YF780E5G
Info: mem_4: "Transforming system: mem_4"
Info: mem_4: "Naming system components in system: mem_4"
Info: mem_4: "Processing generation queue"
Info: mem_4: "Generating: mem_4"
Info: mem_4: "Generating: mem_4_altera_avalon_onchip_memory2_1931_36jbw6a"
Info: mem_4: Starting RTL generation for module 'mem_4_altera_avalon_onchip_memory2_1931_36jbw6a'
Info: mem_4:   Generation command is [exec C:/intelfpga_pro/21.4/quartus/bin64//perl/bin/perl.exe -I C:/intelfpga_pro/21.4/quartus/bin64//perl/lib -I C:/intelfpga_pro/21.4/quartus/sopc_builder/bin/europa -I C:/intelfpga_pro/21.4/quartus/sopc_builder/bin/perl_lib -I C:/intelfpga_pro/21.4/quartus/sopc_builder/bin -I C:/intelfpga_pro/21.4/quartus/../ip/altera/sopc_builder_ip/common -I C:/intelfpga_pro/21.4/quartus/../ip/altera/sopc_builder_ip/altera_avalon_onchip_memory2 -- C:/intelfpga_pro/21.4/quartus/../ip/altera/sopc_builder_ip/altera_avalon_onchip_memory2/generate_rtl.pl --name=mem_4_altera_avalon_onchip_memory2_1931_36jbw6a --dir=C:/Users/alvas/AppData/Local/Temp/alt9255_2109964151502174698.dir/0006_mem_4_gen/ --quartus_dir=C:/intelfpga_pro/21.4/quartus --verilog --config=C:/Users/alvas/AppData/Local/Temp/alt9255_2109964151502174698.dir/0006_mem_4_gen//mem_4_altera_avalon_onchip_memory2_1931_36jbw6a_component_configuration.pl  --do_build_sim=0  ]
Info: mem_4: Done RTL generation for module 'mem_4_altera_avalon_onchip_memory2_1931_36jbw6a'
Info: mem_4: Done "mem_4" with 2 modules, 2 files
Info: qsys-generate succeeded.
Info: Finished: Create HDL design files for synthesis
