Info: Generated by version: 21.4 build 67
Info: Starting: Create simulation model
Info: qsys-generate C:\Users\alvas\Documents\Work_ASD\Projects\Learning\Ethernet\sfp_test\ip\system_design\pll.ip --simulation=VERILOG --allow-mixed-language-simulation --simulator=MODELSIM --output-directory=C:\Users\alvas\Documents\Work_ASD\Projects\Learning\Ethernet\sfp_test\ip\system_design\pll --family="Cyclone 10 GX" --part=10CX220YF780E5G
Warning: pll.pll: Able to implement PLL - Actual outclk frequency 3 differs from requested setting
Info: pll: "Transforming system: pll"
Info: pll: "Naming system components in system: pll"
Info: pll: "Processing generation queue"
Info: pll: "Generating: pll"
Info: pll: "Generating: pll_altera_iopll_1931_bd2ubhi"
Info: pll: Done "pll" with 2 modules, 2 files
Info: Generating the following file(s) for MODELSIM simulator in C:/Users/alvas/Documents/Work_ASD/Projects/Learning/Ethernet/sfp_test/ip/system_design/pll/sim/ directory:
Info: 	common/modelsim_files.tcl
Info: For information on how to simulate your IP, see the explanatory comments in the simulator-specific subdirectories under C:/Users/alvas/Documents/Work_ASD/Projects/Learning/Ethernet/sfp_test/ip/system_design/pll/sim/.
Info: Regenerate these scripts whenever you make any change to any Quartus-generated IP in your project.
Info: qsys-generate succeeded.
Info: Finished: Create simulation model
Info: Starting: Create simulation script
Info: sim-script-gen --system-file=C:\Users\alvas\Documents\Work_ASD\Projects\Learning\Ethernet\sfp_test\ip\system_design\pll.ip --simulator=MODELSIM --output-directory=C:/Users/alvas/Documents/Work_ASD/Projects/Learning/Ethernet/sfp_test/ip/system_design/pll/sim/ --use-relative-paths=true
Info: Generating the following file(s) for MODELSIM simulator in C:/Users/alvas/Documents/Work_ASD/Projects/Learning/Ethernet/sfp_test/ip/system_design/pll/sim/ directory:
Info: 	mentor/msim_setup.tcl
Info: For information on how to simulate your IP, see the explanatory comments in the simulator-specific subdirectories under C:/Users/alvas/Documents/Work_ASD/Projects/Learning/Ethernet/sfp_test/ip/system_design/pll/sim/.
Info: Regenerate these scripts whenever you make any change to any Quartus-generated IP in your project.
Info: Finished: Create simulation script
Info: 
Info: Starting: Create HDL design files for synthesis
Info: qsys-generate C:\Users\alvas\Documents\Work_ASD\Projects\Learning\Ethernet\sfp_test\ip\system_design\pll.ip --synthesis=VERILOG --output-directory=C:\Users\alvas\Documents\Work_ASD\Projects\Learning\Ethernet\sfp_test\ip\system_design\pll --family="Cyclone 10 GX" --part=10CX220YF780E5G
Warning: pll.pll: Able to implement PLL - Actual outclk frequency 3 differs from requested setting
Info: pll: "Transforming system: pll"
Info: pll: "Naming system components in system: pll"
Info: pll: "Processing generation queue"
Info: pll: "Generating: pll"
Info: pll: "Generating: pll_altera_iopll_1931_bd2ubhi"
Info: pll: Done "pll" with 2 modules, 2 files
Info: qsys-generate succeeded.
Info: Finished: Create HDL design files for synthesis
