Info: Generated by version: 21.3 build 170
Info: Starting: Create simulation model
Info: qsys-generate D:\Documents\Projects\Learning\SFP_test\ip\system_design\rx_2.ip --simulation=VERILOG --allow-mixed-language-simulation --simulator=MODELSIM --output-directory=D:\Documents\Projects\Learning\SFP_test\ip\system_design\rx_2 --family="Cyclone 10 GX" --part=10CX220YF780E5G
Info: rx_2: "Transforming system: rx_2"
Info: rx_2: "Naming system components in system: rx_2"
Info: rx_2: "Processing generation queue"
Info: rx_2: "Generating: rx_2"
Info: rx_2: "Generating: receive_packet_ddr"
Info: rx_2: Done "rx_2" with 2 modules, 4 files
Info: Generating the following file(s) for MODELSIM simulator in D:/Documents/Projects/Learning/SFP_test/ip/system_design/rx_2/sim/ directory:
Info: 	common/modelsim_files.tcl
Info: For information on how to simulate your IP, see the explanatory comments in the simulator-specific subdirectories under D:/Documents/Projects/Learning/SFP_test/ip/system_design/rx_2/sim/.
Info: Regenerate these scripts whenever you make any change to any Quartus-generated IP in your project.
Info: qsys-generate succeeded.
Info: Finished: Create simulation model
Info: Starting: Create simulation script
Info: sim-script-gen --system-file=D:\Documents\Projects\Learning\SFP_test\ip\system_design\rx_2.ip --simulator=MODELSIM --output-directory=D:/Documents/Projects/Learning/SFP_test/ip/system_design/rx_2/sim/ --use-relative-paths=true
Info: Generating the following file(s) for MODELSIM simulator in D:/Documents/Projects/Learning/SFP_test/ip/system_design/rx_2/sim/ directory:
Info: 	mentor/msim_setup.tcl
Info: For information on how to simulate your IP, see the explanatory comments in the simulator-specific subdirectories under D:/Documents/Projects/Learning/SFP_test/ip/system_design/rx_2/sim/.
Info: Regenerate these scripts whenever you make any change to any Quartus-generated IP in your project.
Info: Finished: Create simulation script
Info: Starting: Create block symbol file (.bsf)
Info: qsys-generate D:\Documents\Projects\Learning\SFP_test\ip\system_design\rx_2.ip --block-symbol-file --output-directory=D:\Documents\Projects\Learning\SFP_test\ip\system_design\rx_2 --family="Cyclone 10 GX" --part=10CX220YF780E5G
Info: qsys-generate succeeded.
Info: Finished: Create block symbol file (.bsf)
Info: 
Info: Starting: Create HDL design files for synthesis
Info: qsys-generate D:\Documents\Projects\Learning\SFP_test\ip\system_design\rx_2.ip --synthesis=VERILOG --output-directory=D:\Documents\Projects\Learning\SFP_test\ip\system_design\rx_2 --family="Cyclone 10 GX" --part=10CX220YF780E5G
Info: rx_2: "Transforming system: rx_2"
Info: rx_2: "Naming system components in system: rx_2"
Info: rx_2: "Processing generation queue"
Info: rx_2: "Generating: rx_2"
Info: rx_2: "Generating: receive_packet_ddr"
Info: rx_2: Done "rx_2" with 2 modules, 4 files
Info: qsys-generate succeeded.
Info: Finished: Create HDL design files for synthesis
