Info: Generated by version: 21.3 build 170
Info: Starting: Create simulation model
Info: qsys-generate D:\Documents\Projects\Learning\SFP_test\ip\system_design\receive_packet_0.ip --simulation=VERILOG --allow-mixed-language-simulation --simulator=MODELSIM --output-directory=D:\Documents\Projects\Learning\SFP_test\ip\system_design\receive_packet_0 --family="Cyclone 10 GX" --part=10CX220YF780I5G
Info: receive_packet_0: "Transforming system: receive_packet_0"
Info: receive_packet_0: "Naming system components in system: receive_packet_0"
Info: receive_packet_0: "Processing generation queue"
Info: receive_packet_0: "Generating: receive_packet_0"
Info: receive_packet_0: "Generating: receive_packet_256"
Info: receive_packet_0: Done "receive_packet_0" with 2 modules, 2 files
Info: Generating the following file(s) for MODELSIM simulator in D:/Documents/Projects/Learning/SFP_test/ip/system_design/receive_packet_0/sim/ directory:
Info: 	common/modelsim_files.tcl
Info: For information on how to simulate your IP, see the explanatory comments in the simulator-specific subdirectories under D:/Documents/Projects/Learning/SFP_test/ip/system_design/receive_packet_0/sim/.
Info: Regenerate these scripts whenever you make any change to any Quartus-generated IP in your project.
Info: qsys-generate succeeded.
Info: Finished: Create simulation model
Info: Starting: Create simulation script
Info: sim-script-gen --system-file=D:\Documents\Projects\Learning\SFP_test\ip\system_design\receive_packet_0.ip --simulator=MODELSIM --output-directory=D:/Documents/Projects/Learning/SFP_test/ip/system_design/receive_packet_0/sim/ --use-relative-paths=true
Info: Generating the following file(s) for MODELSIM simulator in D:/Documents/Projects/Learning/SFP_test/ip/system_design/receive_packet_0/sim/ directory:
Info: 	mentor/msim_setup.tcl
Info: For information on how to simulate your IP, see the explanatory comments in the simulator-specific subdirectories under D:/Documents/Projects/Learning/SFP_test/ip/system_design/receive_packet_0/sim/.
Info: Regenerate these scripts whenever you make any change to any Quartus-generated IP in your project.
Info: Finished: Create simulation script
Info: Starting: Create block symbol file (.bsf)
Info: qsys-generate D:\Documents\Projects\Learning\SFP_test\ip\system_design\receive_packet_0.ip --block-symbol-file --output-directory=D:\Documents\Projects\Learning\SFP_test\ip\system_design\receive_packet_0 --family="Cyclone 10 GX" --part=10CX220YF780I5G
Info: qsys-generate succeeded.
Info: Finished: Create block symbol file (.bsf)
Info: 
Info: Starting: Create HDL design files for synthesis
Info: qsys-generate D:\Documents\Projects\Learning\SFP_test\ip\system_design\receive_packet_0.ip --synthesis=VERILOG --output-directory=D:\Documents\Projects\Learning\SFP_test\ip\system_design\receive_packet_0 --family="Cyclone 10 GX" --part=10CX220YF780I5G
Info: receive_packet_0: "Transforming system: receive_packet_0"
Info: receive_packet_0: "Naming system components in system: receive_packet_0"
Info: receive_packet_0: "Processing generation queue"
Info: receive_packet_0: "Generating: receive_packet_0"
Info: receive_packet_0: "Generating: receive_packet_256"
Info: receive_packet_0: Done "receive_packet_0" with 2 modules, 2 files
Info: qsys-generate succeeded.
Info: Finished: Create HDL design files for synthesis
