#
# There is insufficient memory for the Java Runtime Environment to continue.
# Native memory allocation (mmap) failed to map 216006656 bytes for Failed to commit area from 0x000000064ce00000 to 0x0000000659c00000 of length 216006656.
# Possible reasons:
#   The system is out of physical RAM or swap space
#   The process is running with CompressedOops enabled, and the Java Heap may be blocking the growth of the native heap
# Possible solutions:
#   Reduce memory load on the system
#   Increase physical memory or swap space
#   Check if swap backing store is full
#   Decrease Java heap size (-Xmx/-Xms)
#   Decrease number of Java threads
#   Decrease Java thread stack sizes (-Xss)
#   Set larger code cache with -XX:ReservedCodeCacheSize=
#   JVM is running with Zero Based Compressed Oops mode in which the Java heap is
#     placed in the first 32GB address space. The Java Heap base address is the
#     maximum limit for the native heap growth. Please use -XX:HeapBaseMinAddress
#     to set the Java Heap base and to place the Java Heap above 32GB virtual address.
# This output file may be truncated or incomplete.
#
#  Out of Memory Error (os_windows.cpp:3440), pid=7980, tid=0x0000000000003c68
#
# JRE version: OpenJDK Runtime Environment (8.0_302-b08) (build 1.8.0_302-b08)
# Java VM: OpenJDK 64-Bit Server VM (25.302-b08 mixed mode windows-amd64 compressed oops)
# Failed to write core dump. Minidumps are not enabled by default on client versions of Windows
#

---------------  T H R E A D  ---------------

Current thread (0x0000000027290000):  VMThread [stack: 0x0000000027070000,0x0000000027170000] [id=15464]

Stack: [0x0000000027070000,0x0000000027170000]
[error occurred during error reporting (printing stack bounds), id 0xc0000005]

Native frames: (J=compiled Java code, j=interpreted, Vv=VM code, C=native code)

VM_Operation (0x0000000002d8e1a0): G1IncCollectionPause, mode: safepoint, requested by thread 0x0000000002d94800


---------------  P R O C E S S  ---------------

Java Threads: ( => current thread )
  0x0000000029af6800 JavaThread "ForkJoinPool.commonPool-worker-6" daemon [_thread_blocked, id=16800, stack(0x00000000314d0000,0x00000000315d0000)]
  0x0000000029afd000 JavaThread "ForkJoinPool.commonPool-worker-5" daemon [_thread_blocked, id=10256, stack(0x00000000313d0000,0x00000000314d0000)]
  0x0000000029afc000 JavaThread "ForkJoinPool.commonPool-worker-4" daemon [_thread_blocked, id=5620, stack(0x000000002fd80000,0x000000002fe80000)]
  0x0000000029afd800 JavaThread "ForkJoinPool.commonPool-worker-0" daemon [_thread_blocked, id=11920, stack(0x000000002b820000,0x000000002b920000)]
  0x0000000029afb800 JavaThread "ForkJoinPool.commonPool-worker-2" daemon [_thread_blocked, id=17004, stack(0x0000000002b90000,0x0000000002c90000)]
  0x0000000029af6000 JavaThread "ForkJoinPool.commonPool-worker-3" daemon [_thread_blocked, id=15848, stack(0x000000002d9f0000,0x000000002daf0000)]
  0x000000002dd4d000 JavaThread "SerialExecutor" [_thread_blocked, id=3568, stack(0x0000000030180000,0x0000000030280000)]
  0x000000002a81e000 JavaThread "Tcl Isolation Thread" daemon [_thread_blocked, id=12912, stack(0x000000002b920000,0x000000002ba20000)]
  0x000000002877b000 JavaThread "Thread-1" daemon [_thread_blocked, id=7456, stack(0x0000000029080000,0x0000000029180000)]
  0x00000000286a1000 JavaThread "JQTcl Proxy Thread" daemon [_thread_blocked, id=12260, stack(0x0000000028f80000,0x0000000029080000)]
  0x00000000273c4800 JavaThread "Service Thread" daemon [_thread_blocked, id=11956, stack(0x0000000028140000,0x0000000028240000)]
  0x00000000272ed800 JavaThread "C1 CompilerThread3" daemon [_thread_blocked, id=2704, stack(0x0000000028040000,0x0000000028140000)]
  0x00000000272f6000 JavaThread "C2 CompilerThread2" daemon [_thread_blocked, id=2152, stack(0x0000000027f40000,0x0000000028040000)]
  0x00000000272ec800 JavaThread "C2 CompilerThread1" daemon [_thread_blocked, id=15644, stack(0x0000000027e40000,0x0000000027f40000)]
  0x00000000272ec000 JavaThread "C2 CompilerThread0" daemon [_thread_blocked, id=16712, stack(0x0000000027d40000,0x0000000027e40000)]
  0x00000000272ea000 JavaThread "Attach Listener" daemon [_thread_blocked, id=16028, stack(0x0000000027b40000,0x0000000027c40000)]
  0x00000000272e9000 JavaThread "Signal Dispatcher" daemon [_thread_blocked, id=11672, stack(0x0000000027a40000,0x0000000027b40000)]
  0x00000000272e0800 JavaThread "Surrogate Locker Thread (Concurrent GC)" daemon [_thread_blocked, id=32, stack(0x0000000027940000,0x0000000027a40000)]
  0x00000000272ba000 JavaThread "Finalizer" daemon [_thread_blocked, id=15928, stack(0x0000000027740000,0x0000000027840000)]
  0x00000000272b2000 JavaThread "Reference Handler" daemon [_thread_blocked, id=2916, stack(0x0000000027640000,0x0000000027740000)]
  0x0000000002d94800 JavaThread "main" [_thread_blocked, id=16000, stack(0x0000000002c90000,0x0000000002d90000)]

Other Threads:
=>0x0000000027290000 VMThread [stack: 0x0000000027070000,0x0000000027170000] [id=15464]
  0x000000002732e000 WatcherThread [stack: 0x0000000028240000,0x0000000028340000] [id=16148]

VM state:at safepoint (normal execution)

VM Mutex/Monitor currently owned by a thread:  ([mutex/lock_event])
[0x0000000002d92f60] Threads_lock - owner thread: 0x0000000027290000
[0x0000000002d92d60] Heap_lock - owner thread: 0x0000000002d94800

heap address: 0x0000000640000000, size: 6144 MB, Compressed Oops mode: Zero based, Oop shift amount: 3
Narrow klass base: 0x0000000000000000, Narrow klass shift: 3
Compressed class space size: 1073741824 Address: 0x00000007c0000000

Heap:
 garbage-first heap   total 421888K, used 84632K [0x0000000640000000, 0x0000000640100ce0, 0x00000007c0000000)
  region size 1024K, 1 young (1024K), 1 survivors (1024K)
 Metaspace       used 36426K, capacity 38432K, committed 38528K, reserved 1083392K
  class space    used 4033K, capacity 4440K, committed 4480K, reserved 1048576K

Heap Regions: (E=young(eden), S=young(survivor), O=old, HS=humongous(starts), HC=humongous(continues), CS=collection set, F=free, TS=gc time stamp, PTAMS=previous top-at-mark-start, NTAMS=next top-at-mark-start)
AC   0  O    TS     0 PTAMS 0x0000000640100000 NTAMS 0x0000000640100000 space 1024K, 100% used [0x0000000640000000, 0x0000000640100000)
AC   0  O    TS     0 PTAMS 0x0000000640200000 NTAMS 0x0000000640200000 space 1024K, 100% used [0x0000000640100000, 0x0000000640200000)
AC   0  O    TS     5 PTAMS 0x0000000640200000 NTAMS 0x0000000640300000 space 1024K, 100% used [0x0000000640200000, 0x0000000640300000)
AC   0  O    TS     0 PTAMS 0x0000000640400000 NTAMS 0x0000000640400000 space 1024K, 100% used [0x0000000640300000, 0x0000000640400000)
AC   0  O    TS     0 PTAMS 0x0000000640500000 NTAMS 0x0000000640500000 space 1024K, 100% used [0x0000000640400000, 0x0000000640500000)
AC   0  O    TS     0 PTAMS 0x0000000640600000 NTAMS 0x0000000640600000 space 1024K, 100% used [0x0000000640500000, 0x0000000640600000)
AC   0  O    TS     0 PTAMS 0x0000000640700000 NTAMS 0x0000000640700000 space 1024K, 100% used [0x0000000640600000, 0x0000000640700000)
AC   0 HS    TS     0 PTAMS 0x0000000640a194d0 NTAMS 0x0000000640a194d0 space 4096K,  77% used [0x0000000640700000, 0x0000000640b00000)
AC   0 HC    TS     0 PTAMS 0x0000000640800000 NTAMS 0x0000000640800000 space 1024K, 100% used [0x0000000640800000, 0x0000000640900000)
AC   0 HC    TS     0 PTAMS 0x0000000640900000 NTAMS 0x0000000640900000 space 1024K, 100% used [0x0000000640900000, 0x0000000640a00000)
AC   0 HC    TS     0 PTAMS 0x0000000640a00000 NTAMS 0x0000000640a00000 space 1024K,   9% used [0x0000000640a00000, 0x0000000640b00000)
AC   0  O    TS     0 PTAMS 0x0000000640c00000 NTAMS 0x0000000640c00000 space 1024K, 100% used [0x0000000640b00000, 0x0000000640c00000)
AC   0  O    TS     0 PTAMS 0x0000000640d00000 NTAMS 0x0000000640d00000 space 1024K, 100% used [0x0000000640c00000, 0x0000000640d00000)
AC   0  O    TS     0 PTAMS 0x0000000640e00000 NTAMS 0x0000000640e00000 space 1024K, 100% used [0x0000000640d00000, 0x0000000640e00000)
AC   0  O    TS     0 PTAMS 0x0000000640f00000 NTAMS 0x0000000640f00000 space 1024K, 100% used [0x0000000640e00000, 0x0000000640f00000)
AC   0  O    TS     0 PTAMS 0x0000000641000000 NTAMS 0x0000000641000000 space 1024K, 100% used [0x0000000640f00000, 0x0000000641000000)
AC   0  O    TS     0 PTAMS 0x0000000641100000 NTAMS 0x0000000641100000 space 1024K, 100% used [0x0000000641000000, 0x0000000641100000)
AC   0  O    TS     0 PTAMS 0x0000000641200000 NTAMS 0x0000000641200000 space 1024K, 100% used [0x0000000641100000, 0x0000000641200000)
AC   0  O    TS     0 PTAMS 0x0000000641300000 NTAMS 0x0000000641300000 space 1024K, 100% used [0x0000000641200000, 0x0000000641300000)
AC   0  O    TS     0 PTAMS 0x0000000641400000 NTAMS 0x0000000641400000 space 1024K, 100% used [0x0000000641300000, 0x0000000641400000)
AC   0  O    TS     0 PTAMS 0x0000000641500000 NTAMS 0x0000000641500000 space 1024K, 100% used [0x0000000641400000, 0x0000000641500000)
AC   0  O    TS     0 PTAMS 0x0000000641600000 NTAMS 0x0000000641600000 space 1024K, 100% used [0x0000000641500000, 0x0000000641600000)
AC   0  O    TS     0 PTAMS 0x0000000641700000 NTAMS 0x0000000641700000 space 1024K, 100% used [0x0000000641600000, 0x0000000641700000)
AC   0  O    TS     0 PTAMS 0x0000000641800000 NTAMS 0x0000000641800000 space 1024K, 100% used [0x0000000641700000, 0x0000000641800000)
AC   0  O    TS     0 PTAMS 0x0000000641900000 NTAMS 0x0000000641900000 space 1024K, 100% used [0x0000000641800000, 0x0000000641900000)
AC   0  O    TS     0 PTAMS 0x0000000641a00000 NTAMS 0x0000000641a00000 space 1024K, 100% used [0x0000000641900000, 0x0000000641a00000)
AC   0  O    TS     0 PTAMS 0x0000000641b00000 NTAMS 0x0000000641b00000 space 1024K, 100% used [0x0000000641a00000, 0x0000000641b00000)
AC   0  O    TS     0 PTAMS 0x0000000641c00000 NTAMS 0x0000000641c00000 space 1024K, 100% used [0x0000000641b00000, 0x0000000641c00000)
AC   0  O    TS     0 PTAMS 0x0000000641d00000 NTAMS 0x0000000641d00000 space 1024K, 100% used [0x0000000641c00000, 0x0000000641d00000)
AC   0  O    TS     0 PTAMS 0x0000000641e00000 NTAMS 0x0000000641e00000 space 1024K, 100% used [0x0000000641d00000, 0x0000000641e00000)
AC   0  O    TS     0 PTAMS 0x0000000641f00000 NTAMS 0x0000000641f00000 space 1024K, 100% used [0x0000000641e00000, 0x0000000641f00000)
AC   0  O    TS     0 PTAMS 0x0000000642000000 NTAMS 0x0000000642000000 space 1024K, 100% used [0x0000000641f00000, 0x0000000642000000)
AC   0  O    TS     0 PTAMS 0x0000000642100000 NTAMS 0x0000000642100000 space 1024K, 100% used [0x0000000642000000, 0x0000000642100000)
AC   0  O    TS     0 PTAMS 0x0000000642200000 NTAMS 0x0000000642200000 space 1024K, 100% used [0x0000000642100000, 0x0000000642200000)
AC   0  O    TS     0 PTAMS 0x0000000642300000 NTAMS 0x0000000642300000 space 1024K, 100% used [0x0000000642200000, 0x0000000642300000)
AC   0  O    TS     1 PTAMS 0x00000006423e8a00 NTAMS 0x0000000642400000 space 1024K, 100% used [0x0000000642300000, 0x0000000642400000)
AC   0  O    TS     0 PTAMS 0x0000000642500000 NTAMS 0x0000000642500000 space 1024K, 100% used [0x0000000642400000, 0x0000000642500000)
AC   0  O    TS     1 PTAMS 0x0000000642500000 NTAMS 0x0000000642600000 space 1024K, 100% used [0x0000000642500000, 0x0000000642600000)
AC   0  O    TS     0 PTAMS 0x0000000642700000 NTAMS 0x0000000642700000 space 1024K, 100% used [0x0000000642600000, 0x0000000642700000)
AC   0  O    TS     0 PTAMS 0x0000000642800000 NTAMS 0x0000000642800000 space 1024K, 100% used [0x0000000642700000, 0x0000000642800000)
AC   0  O    TS     0 PTAMS 0x0000000642900000 NTAMS 0x0000000642900000 space 1024K, 100% used [0x0000000642800000, 0x0000000642900000)
AC   0  O    TS     5 PTAMS 0x0000000642900000 NTAMS 0x0000000642a00000 space 1024K, 100% used [0x0000000642900000, 0x0000000642a00000)
AC   0  O    TS     1 PTAMS 0x0000000642a00000 NTAMS 0x0000000642b00000 space 1024K, 100% used [0x0000000642a00000, 0x0000000642b00000)
AC   0  O    TS     0 PTAMS 0x0000000642c00000 NTAMS 0x0000000642c00000 space 1024K, 100% used [0x0000000642b00000, 0x0000000642c00000)
AC   0  O    TS     0 PTAMS 0x0000000642d00000 NTAMS 0x0000000642d00000 space 1024K, 100% used [0x0000000642c00000, 0x0000000642d00000)
AC   0  O    TS     0 PTAMS 0x0000000642e00000 NTAMS 0x0000000642e00000 space 1024K, 100% used [0x0000000642d00000, 0x0000000642e00000)
AC   0  O    TS     0 PTAMS 0x0000000642f00000 NTAMS 0x0000000642f00000 space 1024K, 100% used [0x0000000642e00000, 0x0000000642f00000)
AC   0  O    TS     0 PTAMS 0x0000000643000000 NTAMS 0x0000000643000000 space 1024K, 100% used [0x0000000642f00000, 0x0000000643000000)
AC   0  O    TS     0 PTAMS 0x0000000643100000 NTAMS 0x0000000643100000 space 1024K, 100% used [0x0000000643000000, 0x0000000643100000)
AC   0  O    TS     0 PTAMS 0x0000000643200000 NTAMS 0x0000000643200000 space 1024K, 100% used [0x0000000643100000, 0x0000000643200000)
AC   0  O    TS     0 PTAMS 0x0000000643300000 NTAMS 0x0000000643300000 space 1024K, 100% used [0x0000000643200000, 0x0000000643300000)
AC   0  O    TS     0 PTAMS 0x0000000643400000 NTAMS 0x0000000643400000 space 1024K, 100% used [0x0000000643300000, 0x0000000643400000)
AC   0  O    TS     0 PTAMS 0x0000000643500000 NTAMS 0x0000000643500000 space 1024K, 100% used [0x0000000643400000, 0x0000000643500000)
AC   0  O    TS     0 PTAMS 0x0000000643600000 NTAMS 0x0000000643600000 space 1024K, 100% used [0x0000000643500000, 0x0000000643600000)
AC   0  O    TS     0 PTAMS 0x0000000643700000 NTAMS 0x0000000643700000 space 1024K, 100% used [0x0000000643600000, 0x0000000643700000)
AC   0  O    TS     1 PTAMS 0x0000000643700000 NTAMS 0x0000000643800000 space 1024K, 100% used [0x0000000643700000, 0x0000000643800000)
AC   0  O    TS     0 PTAMS 0x0000000643900000 NTAMS 0x0000000643900000 space 1024K, 100% used [0x0000000643800000, 0x0000000643900000)
AC   0  O    TS     0 PTAMS 0x0000000643a00000 NTAMS 0x0000000643a00000 space 1024K, 100% used [0x0000000643900000, 0x0000000643a00000)
AC   0  O    TS     0 PTAMS 0x0000000643b00000 NTAMS 0x0000000643b00000 space 1024K, 100% used [0x0000000643a00000, 0x0000000643b00000)
AC   0  O    TS     0 PTAMS 0x0000000643c00000 NTAMS 0x0000000643c00000 space 1024K, 100% used [0x0000000643b00000, 0x0000000643c00000)
AC   0  O    TS     0 PTAMS 0x0000000643d00000 NTAMS 0x0000000643d00000 space 1024K, 100% used [0x0000000643c00000, 0x0000000643d00000)
AC   0  O    TS     0 PTAMS 0x0000000643e00000 NTAMS 0x0000000643e00000 space 1024K, 100% used [0x0000000643d00000, 0x0000000643e00000)
AC   0  O    TS     1 PTAMS 0x0000000643e00000 NTAMS 0x0000000643f00000 space 1024K, 100% used [0x0000000643e00000, 0x0000000643f00000)
AC   0 HS    TS     0 PTAMS 0x0000000643fbf1e8 NTAMS 0x0000000643fbf1e8 space 1024K,  74% used [0x0000000643f00000, 0x0000000644000000)
AC   0  O    TS     1 PTAMS 0x0000000644000000 NTAMS 0x0000000644100000 space 1024K, 100% used [0x0000000644000000, 0x0000000644100000)
AC   0  O    TS     1 PTAMS 0x0000000644100000 NTAMS 0x0000000644200000 space 1024K, 100% used [0x0000000644100000, 0x0000000644200000)
AC   0  O    TS     3 PTAMS 0x0000000644200000 NTAMS 0x0000000644300000 space 1024K, 100% used [0x0000000644200000, 0x0000000644300000)
AC   0  O    TS     0 PTAMS 0x0000000644400000 NTAMS 0x0000000644400000 space 1024K, 100% used [0x0000000644300000, 0x0000000644400000)
AC   0  O    TS     3 PTAMS 0x0000000644400000 NTAMS 0x0000000644500000 space 1024K, 100% used [0x0000000644400000, 0x0000000644500000)
AC   0  O    TS     3 PTAMS 0x0000000644500000 NTAMS 0x0000000644600000 space 1024K, 100% used [0x0000000644500000, 0x0000000644600000)
AC   0  O    TS     3 PTAMS 0x0000000644600000 NTAMS 0x0000000644700000 space 1024K, 100% used [0x0000000644600000, 0x0000000644700000)
AC   0  O    TS     3 PTAMS 0x0000000644700000 NTAMS 0x0000000644800000 space 1024K, 100% used [0x0000000644700000, 0x0000000644800000)
AC   0  O    TS     5 PTAMS 0x0000000644800000 NTAMS 0x0000000644900000 space 1024K, 100% used [0x0000000644800000, 0x0000000644900000)
AC   0  O    TS     5 PTAMS 0x0000000644900000 NTAMS 0x0000000644a00000 space 1024K, 100% used [0x0000000644900000, 0x0000000644a00000)
AC   0  O    TS     7 PTAMS 0x0000000644a00000 NTAMS 0x0000000644b00000 space 1024K, 100% used [0x0000000644a00000, 0x0000000644b00000)
AC   0  O    TS     7 PTAMS 0x0000000644b00000 NTAMS 0x0000000644c00000 space 1024K, 100% used [0x0000000644b00000, 0x0000000644c00000)
AC   0  O    TS     7 PTAMS 0x0000000644c00000 NTAMS 0x0000000644d00000 space 1024K, 100% used [0x0000000644c00000, 0x0000000644d00000)
AC   0  O    TS     9 PTAMS 0x0000000644d00000 NTAMS 0x0000000644d24600 space 1024K, 100% used [0x0000000644d00000, 0x0000000644e00000)
AC   0  O    TS     9 PTAMS 0x0000000644e00000 NTAMS 0x0000000644e00000 space 1024K, 100% used [0x0000000644e00000, 0x0000000644f00000)
AC   0  O    TS    13 PTAMS 0x0000000644f00000 NTAMS 0x0000000644f00000 space 1024K, 100% used [0x0000000644f00000, 0x0000000645000000)
AC   0  O    TS    21 PTAMS 0x0000000645000000 NTAMS 0x0000000645000000 space 1024K,  30% used [0x0000000645000000, 0x0000000645100000)
AC   0  F    TS     0 PTAMS 0x0000000645100000 NTAMS 0x0000000645100000 space 1024K,   0% used [0x0000000645100000, 0x0000000645200000)
AC   0  F    TS     0 PTAMS 0x0000000645200000 NTAMS 0x0000000645200000 space 1024K,   0% used [0x0000000645200000, 0x0000000645300000)
AC   0  F    TS     0 PTAMS 0x0000000645300000 NTAMS 0x0000000645300000 space 1024K,   0% used [0x0000000645300000, 0x0000000645400000)
AC   0  F    TS     5 PTAMS 0x0000000645400000 NTAMS 0x0000000645400000 space 1024K,   0% used [0x0000000645400000, 0x0000000645500000)
AC   0  F    TS     5 PTAMS 0x0000000645500000 NTAMS 0x0000000645500000 space 1024K,   0% used [0x0000000645500000, 0x0000000645600000)
AC   0 HS    TS     0 PTAMS 0x0000000645600000 NTAMS 0x0000000645600000 space 3072K,  81% used [0x0000000645600000, 0x0000000645900000)
AC   0 HC    TS     0 PTAMS 0x0000000645700000 NTAMS 0x0000000645700000 space 1024K, 100% used [0x0000000645700000, 0x0000000645800000)
AC   0 HC    TS     0 PTAMS 0x0000000645800000 NTAMS 0x0000000645800000 space 1024K,  44% used [0x0000000645800000, 0x0000000645900000)
AC   0  F    TS     7 PTAMS 0x0000000645900000 NTAMS 0x0000000645900000 space 1024K,   0% used [0x0000000645900000, 0x0000000645a00000)
AC   0  F    TS     7 PTAMS 0x0000000645a00000 NTAMS 0x0000000645a00000 space 1024K,   0% used [0x0000000645a00000, 0x0000000645b00000)
AC   0  F    TS     9 PTAMS 0x0000000645b00000 NTAMS 0x0000000645b00000 space 1024K,   0% used [0x0000000645b00000, 0x0000000645c00000)
AC   0  F    TS    17 PTAMS 0x0000000645c00000 NTAMS 0x0000000645c00000 space 1024K,   0% used [0x0000000645c00000, 0x0000000645d00000)
AC   0  F    TS    11 PTAMS 0x0000000645d00000 NTAMS 0x0000000645d00000 space 1024K,   0% used [0x0000000645d00000, 0x0000000645e00000)
AC   0  F    TS    19 PTAMS 0x0000000645e00000 NTAMS 0x0000000645e00000 space 1024K,   0% used [0x0000000645e00000, 0x0000000645f00000)
AC   0  O    TS     0 PTAMS 0x0000000646000000 NTAMS 0x0000000646000000 space 1024K, 100% used [0x0000000645f00000, 0x0000000646000000)
AC   0  F    TS     0 PTAMS 0x0000000646000000 NTAMS 0x0000000646000000 space 1024K,   0% used [0x0000000646000000, 0x0000000646100000)
AC   0  F    TS     0 PTAMS 0x0000000646100000 NTAMS 0x0000000646100000 space 1024K,   0% used [0x0000000646100000, 0x0000000646200000)
AC   0  F    TS     0 PTAMS 0x0000000646200000 NTAMS 0x0000000646200000 space 1024K,   0% used [0x0000000646200000, 0x0000000646300000)
AC   0  F    TS     0 PTAMS 0x0000000646300000 NTAMS 0x0000000646300000 space 1024K,   0% used [0x0000000646300000, 0x0000000646400000)
AC   0  F    TS     0 PTAMS 0x0000000646400000 NTAMS 0x0000000646400000 space 1024K,   0% used [0x0000000646400000, 0x0000000646500000)
AC   0  F    TS     3 PTAMS 0x0000000646500000 NTAMS 0x0000000646500000 space 1024K,   0% used [0x0000000646500000, 0x0000000646600000)
AC   0  F    TS     0 PTAMS 0x0000000646600000 NTAMS 0x0000000646600000 space 1024K,   0% used [0x0000000646600000, 0x0000000646700000)
AC   0  F    TS    19 PTAMS 0x0000000646700000 NTAMS 0x0000000646700000 space 1024K,   0% used [0x0000000646700000, 0x0000000646800000)
AC   0  F    TS    19 PTAMS 0x0000000646800000 NTAMS 0x0000000646800000 space 1024K,   0% used [0x0000000646800000, 0x0000000646900000)
AC   0  F    TS    19 PTAMS 0x0000000646900000 NTAMS 0x0000000646900000 space 1024K,   0% used [0x0000000646900000, 0x0000000646a00000)
AC   0  F    TS    19 PTAMS 0x0000000646a00000 NTAMS 0x0000000646a00000 space 1024K,   0% used [0x0000000646a00000, 0x0000000646b00000)
AC   0  F    TS    19 PTAMS 0x0000000646b00000 NTAMS 0x0000000646b00000 space 1024K,   0% used [0x0000000646b00000, 0x0000000646c00000)
AC   0  F    TS    19 PTAMS 0x0000000646c00000 NTAMS 0x0000000646c00000 space 1024K,   0% used [0x0000000646c00000, 0x0000000646d00000)
AC   0  F    TS    19 PTAMS 0x0000000646d00000 NTAMS 0x0000000646d00000 space 1024K,   0% used [0x0000000646d00000, 0x0000000646e00000)
AC   0  F    TS    19 PTAMS 0x0000000646e00000 NTAMS 0x0000000646e00000 space 1024K,   0% used [0x0000000646e00000, 0x0000000646f00000)
AC   0  F    TS    19 PTAMS 0x0000000646f00000 NTAMS 0x0000000646f00000 space 1024K,   0% used [0x0000000646f00000, 0x0000000647000000)
AC   0  F    TS    19 PTAMS 0x0000000647000000 NTAMS 0x0000000647000000 space 1024K,   0% used [0x0000000647000000, 0x0000000647100000)
AC   0  F    TS    19 PTAMS 0x0000000647100000 NTAMS 0x0000000647100000 space 1024K,   0% used [0x0000000647100000, 0x0000000647200000)
AC   0  F    TS    19 PTAMS 0x0000000647200000 NTAMS 0x0000000647200000 space 1024K,   0% used [0x0000000647200000, 0x0000000647300000)
AC   0  F    TS    19 PTAMS 0x0000000647300000 NTAMS 0x0000000647300000 space 1024K,   0% used [0x0000000647300000, 0x0000000647400000)
AC   0  F    TS    19 PTAMS 0x0000000647400000 NTAMS 0x0000000647400000 space 1024K,   0% used [0x0000000647400000, 0x0000000647500000)
AC   0  F    TS    19 PTAMS 0x0000000647500000 NTAMS 0x0000000647500000 space 1024K,   0% used [0x0000000647500000, 0x0000000647600000)
AC   0  F    TS    19 PTAMS 0x0000000647600000 NTAMS 0x0000000647600000 space 1024K,   0% used [0x0000000647600000, 0x0000000647700000)
AC   0  F    TS    19 PTAMS 0x0000000647700000 NTAMS 0x0000000647700000 space 1024K,   0% used [0x0000000647700000, 0x0000000647800000)
AC   0  F    TS    19 PTAMS 0x0000000647800000 NTAMS 0x0000000647800000 space 1024K,   0% used [0x0000000647800000, 0x0000000647900000)
AC   0  S CS TS    21 PTAMS 0x0000000647900000 NTAMS 0x0000000647900000 space 1024K,   5% used [0x0000000647900000, 0x0000000647a00000)
AC   0  F    TS    19 PTAMS 0x0000000647a00000 NTAMS 0x0000000647a00000 space 1024K,   0% used [0x0000000647a00000, 0x0000000647b00000)
AC   0  F    TS    19 PTAMS 0x0000000647b00000 NTAMS 0x0000000647b00000 space 1024K,   0% used [0x0000000647b00000, 0x0000000647c00000)
AC   0  F    TS    19 PTAMS 0x0000000647c00000 NTAMS 0x0000000647c00000 space 1024K,   0% used [0x0000000647c00000, 0x0000000647d00000)
AC   0  F    TS    19 PTAMS 0x0000000647d00000 NTAMS 0x0000000647d00000 space 1024K,   0% used [0x0000000647d00000, 0x0000000647e00000)
AC   0  F    TS    19 PTAMS 0x0000000647e00000 NTAMS 0x0000000647e00000 space 1024K,   0% used [0x0000000647e00000, 0x0000000647f00000)
AC   0  F    TS    19 PTAMS 0x0000000647f00000 NTAMS 0x0000000647f00000 space 1024K,   0% used [0x0000000647f00000, 0x0000000648000000)
AC   0  F    TS    19 PTAMS 0x0000000648000000 NTAMS 0x0000000648000000 space 1024K,   0% used [0x0000000648000000, 0x0000000648100000)
AC   0  F    TS    19 PTAMS 0x0000000648100000 NTAMS 0x0000000648100000 space 1024K,   0% used [0x0000000648100000, 0x0000000648200000)
AC   0  F    TS    19 PTAMS 0x0000000648200000 NTAMS 0x0000000648200000 space 1024K,   0% used [0x0000000648200000, 0x0000000648300000)
AC   0  F    TS    19 PTAMS 0x0000000648300000 NTAMS 0x0000000648300000 space 1024K,   0% used [0x0000000648300000, 0x0000000648400000)
AC   0  F    TS    19 PTAMS 0x0000000648400000 NTAMS 0x0000000648400000 space 1024K,   0% used [0x0000000648400000, 0x0000000648500000)
AC   0  F    TS    19 PTAMS 0x0000000648500000 NTAMS 0x0000000648500000 space 1024K,   0% used [0x0000000648500000, 0x0000000648600000)
AC   0  F    TS    19 PTAMS 0x0000000648600000 NTAMS 0x0000000648600000 space 1024K,   0% used [0x0000000648600000, 0x0000000648700000)
AC   0  F    TS    19 PTAMS 0x0000000648700000 NTAMS 0x0000000648700000 space 1024K,   0% used [0x0000000648700000, 0x0000000648800000)
AC   0  F    TS    19 PTAMS 0x0000000648800000 NTAMS 0x0000000648800000 space 1024K,   0% used [0x0000000648800000, 0x0000000648900000)
AC   0  F    TS    19 PTAMS 0x0000000648900000 NTAMS 0x0000000648900000 space 1024K,   0% used [0x0000000648900000, 0x0000000648a00000)
AC   0  F    TS    19 PTAMS 0x0000000648a00000 NTAMS 0x0000000648a00000 space 1024K,   0% used [0x0000000648a00000, 0x0000000648b00000)
AC   0  F    TS    19 PTAMS 0x0000000648b00000 NTAMS 0x0000000648b00000 space 1024K,   0% used [0x0000000648b00000, 0x0000000648c00000)
AC   0  F    TS    19 PTAMS 0x0000000648c00000 NTAMS 0x0000000648c00000 space 1024K,   0% used [0x0000000648c00000, 0x0000000648d00000)
AC   0  F    TS    19 PTAMS 0x0000000648d00000 NTAMS 0x0000000648d00000 space 1024K,   0% used [0x0000000648d00000, 0x0000000648e00000)
AC   0  F    TS    19 PTAMS 0x0000000648e00000 NTAMS 0x0000000648e00000 space 1024K,   0% used [0x0000000648e00000, 0x0000000648f00000)
AC   0  F    TS    19 PTAMS 0x0000000648f00000 NTAMS 0x0000000648f00000 space 1024K,   0% used [0x0000000648f00000, 0x0000000649000000)
AC   0  F    TS    19 PTAMS 0x0000000649000000 NTAMS 0x0000000649000000 space 1024K,   0% used [0x0000000649000000, 0x0000000649100000)
AC   0  F    TS    19 PTAMS 0x0000000649100000 NTAMS 0x0000000649100000 space 1024K,   0% used [0x0000000649100000, 0x0000000649200000)
AC   0  F    TS    19 PTAMS 0x0000000649200000 NTAMS 0x0000000649200000 space 1024K,   0% used [0x0000000649200000, 0x0000000649300000)
AC   0  F    TS    19 PTAMS 0x0000000649300000 NTAMS 0x0000000649300000 space 1024K,   0% used [0x0000000649300000, 0x0000000649400000)
AC   0  F    TS    19 PTAMS 0x0000000649400000 NTAMS 0x0000000649400000 space 1024K,   0% used [0x0000000649400000, 0x0000000649500000)
AC   0  F    TS    19 PTAMS 0x0000000649500000 NTAMS 0x0000000649500000 space 1024K,   0% used [0x0000000649500000, 0x0000000649600000)
AC   0  F    TS    19 PTAMS 0x0000000649600000 NTAMS 0x0000000649600000 space 1024K,   0% used [0x0000000649600000, 0x0000000649700000)
AC   0  F    TS    19 PTAMS 0x0000000649700000 NTAMS 0x0000000649700000 space 1024K,   0% used [0x0000000649700000, 0x0000000649800000)
AC   0  F    TS    19 PTAMS 0x0000000649800000 NTAMS 0x0000000649800000 space 1024K,   0% used [0x0000000649800000, 0x0000000649900000)
AC   0  F    TS    19 PTAMS 0x0000000649900000 NTAMS 0x0000000649900000 space 1024K,   0% used [0x0000000649900000, 0x0000000649a00000)
AC   0  F    TS    19 PTAMS 0x0000000649a00000 NTAMS 0x0000000649a00000 space 1024K,   0% used [0x0000000649a00000, 0x0000000649b00000)
AC   0  F    TS    19 PTAMS 0x0000000649b00000 NTAMS 0x0000000649b00000 space 1024K,   0% used [0x0000000649b00000, 0x0000000649c00000)
AC   0  F    TS    19 PTAMS 0x0000000649c00000 NTAMS 0x0000000649c00000 space 1024K,   0% used [0x0000000649c00000, 0x0000000649d00000)
AC   0  F    TS    19 PTAMS 0x0000000649d00000 NTAMS 0x0000000649d00000 space 1024K,   0% used [0x0000000649d00000, 0x0000000649e00000)
AC   0  F    TS    19 PTAMS 0x0000000649e00000 NTAMS 0x0000000649e00000 space 1024K,   0% used [0x0000000649e00000, 0x0000000649f00000)
AC   0  F    TS    19 PTAMS 0x0000000649f00000 NTAMS 0x0000000649f00000 space 1024K,   0% used [0x0000000649f00000, 0x000000064a000000)
AC   0  F    TS    19 PTAMS 0x000000064a000000 NTAMS 0x000000064a000000 space 1024K,   0% used [0x000000064a000000, 0x000000064a100000)
AC   0  F    TS    19 PTAMS 0x000000064a100000 NTAMS 0x000000064a100000 space 1024K,   0% used [0x000000064a100000, 0x000000064a200000)
AC   0  F    TS    19 PTAMS 0x000000064a200000 NTAMS 0x000000064a200000 space 1024K,   0% used [0x000000064a200000, 0x000000064a300000)
AC   0  F    TS    19 PTAMS 0x000000064a300000 NTAMS 0x000000064a300000 space 1024K,   0% used [0x000000064a300000, 0x000000064a400000)
AC   0  F    TS    19 PTAMS 0x000000064a400000 NTAMS 0x000000064a400000 space 1024K,   0% used [0x000000064a400000, 0x000000064a500000)
AC   0  F    TS    19 PTAMS 0x000000064a500000 NTAMS 0x000000064a500000 space 1024K,   0% used [0x000000064a500000, 0x000000064a600000)
AC   0  F    TS    19 PTAMS 0x000000064a600000 NTAMS 0x000000064a600000 space 1024K,   0% used [0x000000064a600000, 0x000000064a700000)
AC   0  F    TS    19 PTAMS 0x000000064a700000 NTAMS 0x000000064a700000 space 1024K,   0% used [0x000000064a700000, 0x000000064a800000)
AC   0  F    TS    19 PTAMS 0x000000064a800000 NTAMS 0x000000064a800000 space 1024K,   0% used [0x000000064a800000, 0x000000064a900000)
AC   0  F    TS    19 PTAMS 0x000000064a900000 NTAMS 0x000000064a900000 space 1024K,   0% used [0x000000064a900000, 0x000000064aa00000)
AC   0  F    TS    19 PTAMS 0x000000064aa00000 NTAMS 0x000000064aa00000 space 1024K,   0% used [0x000000064aa00000, 0x000000064ab00000)
AC   0  F    TS    19 PTAMS 0x000000064ab00000 NTAMS 0x000000064ab00000 space 1024K,   0% used [0x000000064ab00000, 0x000000064ac00000)
AC   0  F    TS    19 PTAMS 0x000000064ac00000 NTAMS 0x000000064ac00000 space 1024K,   0% used [0x000000064ac00000, 0x000000064ad00000)
AC   0  F    TS    19 PTAMS 0x000000064ad00000 NTAMS 0x000000064ad00000 space 1024K,   0% used [0x000000064ad00000, 0x000000064ae00000)
AC   0  F    TS    19 PTAMS 0x000000064ae00000 NTAMS 0x000000064ae00000 space 1024K,   0% used [0x000000064ae00000, 0x000000064af00000)
AC   0  F    TS    19 PTAMS 0x000000064af00000 NTAMS 0x000000064af00000 space 1024K,   0% used [0x000000064af00000, 0x000000064b000000)
AC   0  F    TS    19 PTAMS 0x000000064b000000 NTAMS 0x000000064b000000 space 1024K,   0% used [0x000000064b000000, 0x000000064b100000)
AC   0  F    TS    19 PTAMS 0x000000064b100000 NTAMS 0x000000064b100000 space 1024K,   0% used [0x000000064b100000, 0x000000064b200000)
AC   0  F    TS    19 PTAMS 0x000000064b200000 NTAMS 0x000000064b200000 space 1024K,   0% used [0x000000064b200000, 0x000000064b300000)
AC   0  F    TS    19 PTAMS 0x000000064b300000 NTAMS 0x000000064b300000 space 1024K,   0% used [0x000000064b300000, 0x000000064b400000)
AC   0  F    TS    19 PTAMS 0x000000064b400000 NTAMS 0x000000064b400000 space 1024K,   0% used [0x000000064b400000, 0x000000064b500000)
AC   0  F    TS    19 PTAMS 0x000000064b500000 NTAMS 0x000000064b500000 space 1024K,   0% used [0x000000064b500000, 0x000000064b600000)
AC   0  F    TS    19 PTAMS 0x000000064b600000 NTAMS 0x000000064b600000 space 1024K,   0% used [0x000000064b600000, 0x000000064b700000)
AC   0  F    TS    19 PTAMS 0x000000064b700000 NTAMS 0x000000064b700000 space 1024K,   0% used [0x000000064b700000, 0x000000064b800000)
AC   0  F    TS    19 PTAMS 0x000000064b800000 NTAMS 0x000000064b800000 space 1024K,   0% used [0x000000064b800000, 0x000000064b900000)
AC   0  F    TS    19 PTAMS 0x000000064b900000 NTAMS 0x000000064b900000 space 1024K,   0% used [0x000000064b900000, 0x000000064ba00000)
AC   0  F    TS    19 PTAMS 0x000000064ba00000 NTAMS 0x000000064ba00000 space 1024K,   0% used [0x000000064ba00000, 0x000000064bb00000)
AC   0  F    TS    19 PTAMS 0x000000064bb00000 NTAMS 0x000000064bb00000 space 1024K,   0% used [0x000000064bb00000, 0x000000064bc00000)
AC   0  F    TS    19 PTAMS 0x000000064bc00000 NTAMS 0x000000064bc00000 space 1024K,   0% used [0x000000064bc00000, 0x000000064bd00000)
AC   0  F    TS    19 PTAMS 0x000000064bd00000 NTAMS 0x000000064bd00000 space 1024K,   0% used [0x000000064bd00000, 0x000000064be00000)
AC   0  F    TS    19 PTAMS 0x000000064be00000 NTAMS 0x000000064be00000 space 1024K,   0% used [0x000000064be00000, 0x000000064bf00000)
AC   0  F    TS    19 PTAMS 0x000000064bf00000 NTAMS 0x000000064bf00000 space 1024K,   0% used [0x000000064bf00000, 0x000000064c000000)
AC   0  F    TS    19 PTAMS 0x000000064c000000 NTAMS 0x000000064c000000 space 1024K,   0% used [0x000000064c000000, 0x000000064c100000)
AC   0  F    TS    19 PTAMS 0x000000064c100000 NTAMS 0x000000064c100000 space 1024K,   0% used [0x000000064c100000, 0x000000064c200000)
AC   0  F    TS    19 PTAMS 0x000000064c200000 NTAMS 0x000000064c200000 space 1024K,   0% used [0x000000064c200000, 0x000000064c300000)
AC   0  F    TS    19 PTAMS 0x000000064c300000 NTAMS 0x000000064c300000 space 1024K,   0% used [0x000000064c300000, 0x000000064c400000)
AC   0  F    TS    19 PTAMS 0x000000064c400000 NTAMS 0x000000064c400000 space 1024K,   0% used [0x000000064c400000, 0x000000064c500000)
AC   0  F    TS    19 PTAMS 0x000000064c500000 NTAMS 0x000000064c500000 space 1024K,   0% used [0x000000064c500000, 0x000000064c600000)
AC   0  F    TS    19 PTAMS 0x000000064c600000 NTAMS 0x000000064c600000 space 1024K,   0% used [0x000000064c600000, 0x000000064c700000)
AC   0  F    TS    19 PTAMS 0x000000064c700000 NTAMS 0x000000064c700000 space 1024K,   0% used [0x000000064c700000, 0x000000064c800000)
AC   0  F    TS    19 PTAMS 0x000000064c800000 NTAMS 0x000000064c800000 space 1024K,   0% used [0x000000064c800000, 0x000000064c900000)
AC   0  F    TS    19 PTAMS 0x000000064c900000 NTAMS 0x000000064c900000 space 1024K,   0% used [0x000000064c900000, 0x000000064ca00000)
AC   0  F    TS    19 PTAMS 0x000000064ca00000 NTAMS 0x000000064ca00000 space 1024K,   0% used [0x000000064ca00000, 0x000000064cb00000)
AC   0  F    TS    19 PTAMS 0x000000064cb00000 NTAMS 0x000000064cb00000 space 1024K,   0% used [0x000000064cb00000, 0x000000064cc00000)
AC   0  F    TS    19 PTAMS 0x000000064cc00000 NTAMS 0x000000064cc00000 space 1024K,   0% used [0x000000064cc00000, 0x000000064cd00000)
AC   0  F    TS    19 PTAMS 0x000000064cd00000 NTAMS 0x000000064cd00000 space 1024K,   0% used [0x000000064cd00000, 0x000000064ce00000)

Card table byte_map: [0x00000000153d0000,0x0000000015fd0000] byte_map_base: 0x00000000121d0000

Marking Bits (Prev, Next): (CMBitMap*) 0x0000000002e19378, (CMBitMap*) 0x0000000002e193d0
 Prev Bits: [0x0000000016bd0000, 0x000000001cbd0000)
 Next Bits: [0x000000001cbd0000, 0x0000000022bd0000)

Polling page: 0x0000000002ab0000

CodeCache: size=245760Kb used=29926Kb max_used=29948Kb free=215833Kb
 bounds [0x0000000002e90000, 0x0000000004c20000, 0x0000000011e90000]
 total_blobs=8000 nmethods=7577 adapters=334
 compilation: enabled

Compilation events (10 events):
Event: 360.466 Thread 0x00000000272ec800 9425       4       com.altera.utilities.altNode.AltNodeXML$TElement::ensureContents (19 bytes)
Event: 360.472 Thread 0x00000000272ec800 nmethod 9425 0x0000000004bd7690 code [0x0000000004bd77e0, 0x0000000004bd7a18]
Event: 360.499 Thread 0x00000000272ec800 9426       4       com.intel.shared.SharedStringUtils::quote (40 bytes)
Event: 360.516 Thread 0x00000000272ec800 nmethod 9426 0x0000000004bdcbd0 code [0x0000000004bdcd20, 0x0000000004bdd018]
Event: 360.524 Thread 0x00000000272ec800 9427       4       com.altera.utilities.altNode.AltNodeXML$TElement::addAttribute (62 bytes)
Event: 360.564 Thread 0x00000000272ed800 9428       3       com.altera.utilities.altNode.AltNodeXML$TElement::addComment (62 bytes)
Event: 360.567 Thread 0x00000000272ed800 nmethod 9428 0x0000000004bc5350 code [0x0000000004bc55a0, 0x0000000004bc6468]
Event: 360.572 Thread 0x00000000272ec000 nmethod 9418 0x0000000004bf5010 code [0x0000000004bf5580, 0x0000000004bfa078]
Event: 360.732 Thread 0x00000000272ec800 nmethod 9427 0x0000000004bf1ad0 code [0x0000000004bf1ce0, 0x0000000004bf3ab8]
Event: 360.823 Thread 0x00000000272f6000 nmethod 9424 0x0000000004c077d0 code [0x0000000004c07ba0, 0x0000000004c0c670]

GC Heap History (10 events):
Event: 360.673 GC heap after
Heap after GC invocations=99 (full 0):
 garbage-first heap   total 105472K, used 82620K [0x0000000640000000, 0x0000000640100338, 0x00000007c0000000)
  region size 1024K, 2 young (2048K), 2 survivors (2048K)
 Metaspace       used 36426K, capacity 38432K, committed 38528K, reserved 1083392K
  class space    used 4033K, capacity 4440K, committed 4480K, reserved 1048576K
}
Event: 360.679 GC heap before
{Heap before GC invocations=99 (full 0):
 garbage-first heap   total 105472K, used 89788K [0x0000000640000000, 0x0000000640100338, 0x00000007c0000000)
  region size 1024K, 9 young (9216K), 2 survivors (2048K)
 Metaspace       used 36426K, capacity 38432K, committed 38528K, reserved 1083392K
  class space    used 4033K, capacity 4440K, committed 4480K, reserved 1048576K
Event: 360.686 GC heap after
Heap after GC invocations=100 (full 0):
 garbage-first heap   total 105472K, used 82636K [0x0000000640000000, 0x0000000640100338, 0x00000007c0000000)
  region size 1024K, 1 young (1024K), 1 survivors (1024K)
 Metaspace       used 36426K, capacity 38432K, committed 38528K, reserved 1083392K
  class space    used 4033K, capacity 4440K, committed 4480K, reserved 1048576K
}
Event: 360.695 GC heap before
{Heap before GC invocations=100 (full 0):
 garbage-first heap   total 105472K, used 89804K [0x0000000640000000, 0x0000000640100338, 0x00000007c0000000)
  region size 1024K, 8 young (8192K), 1 survivors (1024K)
 Metaspace       used 36426K, capacity 38432K, committed 38528K, reserved 1083392K
  class space    used 4033K, capacity 4440K, committed 4480K, reserved 1048576K
Event: 360.701 GC heap after
Heap after GC invocations=101 (full 0):
 garbage-first heap   total 105472K, used 82540K [0x0000000640000000, 0x0000000640100338, 0x00000007c0000000)
  region size 1024K, 1 young (1024K), 1 survivors (1024K)
 Metaspace       used 36426K, capacity 38432K, committed 38528K, reserved 1083392K
  class space    used 4033K, capacity 4440K, committed 4480K, reserved 1048576K
}
Event: 360.704 GC heap before
{Heap before GC invocations=101 (full 0):
 garbage-first heap   total 105472K, used 91357K [0x0000000640000000, 0x0000000640100338, 0x00000007c0000000)
  region size 1024K, 9 young (9216K), 1 survivors (1024K)
 Metaspace       used 36426K, capacity 38432K, committed 38528K, reserved 1083392K
  class space    used 4033K, capacity 4440K, committed 4480K, reserved 1048576K
Event: 360.709 GC heap after
Heap after GC invocations=102 (full 0):
 garbage-first heap   total 105472K, used 82873K [0x0000000640000000, 0x0000000640100338, 0x00000007c0000000)
  region size 1024K, 1 young (1024K), 1 survivors (1024K)
 Metaspace       used 36426K, capacity 38432K, committed 38528K, reserved 1083392K
  class space    used 4033K, capacity 4440K, committed 4480K, reserved 1048576K
}
Event: 360.712 GC heap before
{Heap before GC invocations=102 (full 0):
 garbage-first heap   total 105472K, used 90041K [0x0000000640000000, 0x0000000640100338, 0x00000007c0000000)
  region size 1024K, 8 young (8192K), 1 survivors (1024K)
 Metaspace       used 36426K, capacity 38432K, committed 38528K, reserved 1083392K
  class space    used 4033K, capacity 4440K, committed 4480K, reserved 1048576K
Event: 360.726 GC heap after
Heap after GC invocations=103 (full 0):
 garbage-first heap   total 210944K, used 83004K [0x0000000640000000, 0x0000000640100670, 0x00000007c0000000)
  region size 1024K, 1 young (1024K), 1 survivors (1024K)
 Metaspace       used 36426K, capacity 38432K, committed 38528K, reserved 1083392K
  class space    used 4033K, capacity 4440K, committed 4480K, reserved 1048576K
}
Event: 360.889 GC heap before
{Heap before GC invocations=103 (full 0):
 garbage-first heap   total 210944K, used 174333K [0x0000000640000000, 0x0000000640100670, 0x00000007c0000000)
  region size 1024K, 85 young (87040K), 1 survivors (1024K)
 Metaspace       used 36426K, capacity 38432K, committed 38528K, reserved 1083392K
  class space    used 4033K, capacity 4440K, committed 4480K, reserved 1048576K

Deoptimization events (10 events):
Event: 359.738 Thread 0x0000000002d94800 Uncommon trap: reason=unstable_if action=reinterpret pc=0x00000000032459a4 method=java.lang.Class.arrayContentsEq([Ljava/lang/Object;[Ljava/lang/Object;)Z @ 57
Event: 359.738 Thread 0x0000000002d94800 Uncommon trap: reason=unstable_if action=reinterpret pc=0x0000000003ac4a68 method=java.lang.Class.arrayContentsEq([Ljava/lang/Object;[Ljava/lang/Object;)Z @ 57
Event: 359.738 Thread 0x0000000002d94800 Uncommon trap: reason=unstable_if action=reinterpret pc=0x0000000003045848 method=java.lang.Class.searchMethods([Ljava/lang/reflect/Method;Ljava/lang/String;[Ljava/lang/Class;)Ljava/lang/reflect/Method; @ 47
Event: 359.752 Thread 0x0000000002d94800 Uncommon trap: reason=class_check action=maybe_recompile pc=0x0000000004ab0804 method=com.altera.hdlwriter.internal.ModifiedModule.generalInvoker(Ljava/lang/reflect/Method;[Ljava/lang/Object;Ljava/lang/Object;Ljava/lang/Object;)Ljava/lang/Object; @ 13
Event: 359.752 Thread 0x0000000002d94800 Uncommon trap: reason=class_check action=maybe_recompile pc=0x0000000004ab0834 method=com.altera.hdlwriter.internal.ModifiedModule.generalInvoker(Ljava/lang/reflect/Method;[Ljava/lang/Object;Ljava/lang/Object;Ljava/lang/Object;)Ljava/lang/Object; @ 71
Event: 359.752 Thread 0x0000000002d94800 Uncommon trap: reason=class_check action=maybe_recompile pc=0x0000000004ab0804 method=com.altera.hdlwriter.internal.ModifiedModule.generalInvoker(Ljava/lang/reflect/Method;[Ljava/lang/Object;Ljava/lang/Object;Ljava/lang/Object;)Ljava/lang/Object; @ 13
Event: 359.752 Thread 0x0000000002d94800 Uncommon trap: reason=class_check action=maybe_recompile pc=0x0000000004ab0834 method=com.altera.hdlwriter.internal.ModifiedModule.generalInvoker(Ljava/lang/reflect/Method;[Ljava/lang/Object;Ljava/lang/Object;Ljava/lang/Object;)Ljava/lang/Object; @ 71
Event: 359.806 Thread 0x0000000002d94800 Uncommon trap: reason=class_check action=maybe_recompile pc=0x000000000489aa2c method=com.altera.sopcmodel.ensemble.EnsembleGraph$ModuleNode.<init>(Lcom/altera/entityinterfaces/IModule;Lcom/altera/sopcmodel/ensemble/EnsembleGraph;Lcom/altera/sopcmodel/ens
Event: 359.807 Thread 0x0000000002d94800 Uncommon trap: reason=class_check action=maybe_recompile pc=0x000000000489aa2c method=com.altera.sopcmodel.ensemble.EnsembleGraph$ModuleNode.<init>(Lcom/altera/entityinterfaces/IModule;Lcom/altera/sopcmodel/ensemble/EnsembleGraph;Lcom/altera/sopcmodel/ens
Event: 359.987 Thread 0x0000000002d94800 Uncommon trap: reason=unstable_if action=reinterpret pc=0x0000000003e0d940 method=com.altera.utilities.altNode.AltNodeXML.shouldUseCdata(Ljava/lang/String;)Z @ 6

Classes redefined (0 events):
No events

Internal exceptions (10 events):
Event: 357.190 Thread 0x0000000002d94800 Exception <a 'java/lang/ClassNotFoundException': com/sun/org/glassfish/hk2/osgiresourcelocator/ServiceLoader> (0x000000064647c2a0) thrown at [C:\tmp\build-8-cpu\jdk8u\hotspot\src\share\vm\classfile\systemDictionary.cpp, line 217]
Event: 357.198 Thread 0x0000000002d94800 Exception <a 'java/lang/ClassNotFoundException': com/sun/org/glassfish/hk2/osgiresourcelocator/ServiceLoader> (0x0000000646335a78) thrown at [C:\tmp\build-8-cpu\jdk8u\hotspot\src\share\vm\classfile\systemDictionary.cpp, line 217]
Event: 357.209 Thread 0x0000000002d94800 Exception <a 'java/lang/ClassNotFoundException': com/sun/org/glassfish/hk2/osgiresourcelocator/ServiceLoader> (0x00000006463e96f8) thrown at [C:\tmp\build-8-cpu\jdk8u\hotspot\src\share\vm\classfile\systemDictionary.cpp, line 217]
Event: 357.244 Thread 0x0000000002d94800 Exception <a 'java/lang/ClassNotFoundException': com/sun/org/glassfish/hk2/osgiresourcelocator/ServiceLoader> (0x00000006466411b8) thrown at [C:\tmp\build-8-cpu\jdk8u\hotspot\src\share\vm\classfile\systemDictionary.cpp, line 217]
Event: 357.251 Thread 0x0000000002d94800 Exception <a 'java/lang/ClassNotFoundException': com/sun/org/glassfish/hk2/osgiresourcelocator/ServiceLoader> (0x00000006466a3030) thrown at [C:\tmp\build-8-cpu\jdk8u\hotspot\src\share\vm\classfile\systemDictionary.cpp, line 217]
Event: 357.258 Thread 0x0000000002d94800 Exception <a 'java/lang/ClassNotFoundException': com/sun/org/glassfish/hk2/osgiresourcelocator/ServiceLoader> (0x00000006465646a0) thrown at [C:\tmp\build-8-cpu\jdk8u\hotspot\src\share\vm\classfile\systemDictionary.cpp, line 217]
Event: 357.265 Thread 0x0000000002d94800 Exception <a 'java/lang/ClassNotFoundException': com/sun/org/glassfish/hk2/osgiresourcelocator/ServiceLoader> (0x000000064640ed68) thrown at [C:\tmp\build-8-cpu\jdk8u\hotspot\src\share\vm\classfile\systemDictionary.cpp, line 217]
Event: 357.273 Thread 0x0000000002d94800 Exception <a 'java/lang/ClassNotFoundException': com/sun/org/glassfish/hk2/osgiresourcelocator/ServiceLoader> (0x00000006464cad00) thrown at [C:\tmp\build-8-cpu\jdk8u\hotspot\src\share\vm\classfile\systemDictionary.cpp, line 217]
Event: 357.349 Thread 0x0000000002d94800 Exception <a 'java/lang/ClassNotFoundException': com/sun/org/glassfish/hk2/osgiresourcelocator/ServiceLoader> (0x000000064667fe30) thrown at [C:\tmp\build-8-cpu\jdk8u\hotspot\src\share\vm\classfile\systemDictionary.cpp, line 217]
Event: 357.356 Thread 0x0000000002d94800 Exception <a 'java/lang/ClassNotFoundException': com/sun/org/glassfish/hk2/osgiresourcelocator/ServiceLoader> (0x00000006466f4668) thrown at [C:\tmp\build-8-cpu\jdk8u\hotspot\src\share\vm\classfile\systemDictionary.cpp, line 217]

Events (10 events):
Event: 360.673 Executing VM operation: G1IncCollectionPause done
Event: 360.679 Executing VM operation: G1IncCollectionPause
Event: 360.686 Executing VM operation: G1IncCollectionPause done
Event: 360.695 Executing VM operation: G1IncCollectionPause
Event: 360.701 Executing VM operation: G1IncCollectionPause done
Event: 360.704 Executing VM operation: G1IncCollectionPause
Event: 360.709 Executing VM operation: G1IncCollectionPause done
Event: 360.712 Executing VM operation: G1IncCollectionPause
Event: 360.726 Executing VM operation: G1IncCollectionPause done
Event: 360.888 Executing VM operation: G1IncCollectionPause


Dynamic libraries:
0x00007ff670c20000 - 0x00007ff670c55000 	C:\intelfpga_pro\21.4\quartus\bin64\jre64\bin\java.exe
0x00007ffb68790000 - 0x00007ffb68988000 	C:\WINDOWS\SYSTEM32\ntdll.dll
0x00007ffb669a0000 - 0x00007ffb66a5f000 	C:\WINDOWS\System32\KERNEL32.DLL
0x00007ffb65ea0000 - 0x00007ffb6617a000 	C:\WINDOWS\System32\KERNELBASE.dll
0x00007ffb67710000 - 0x00007ffb677be000 	C:\WINDOWS\System32\ADVAPI32.dll
0x00007ffb67600000 - 0x00007ffb6769e000 	C:\WINDOWS\System32\msvcrt.dll
0x00007ffb66f80000 - 0x00007ffb6701c000 	C:\WINDOWS\System32\sechost.dll
0x00007ffb67120000 - 0x00007ffb67246000 	C:\WINDOWS\System32\RPCRT4.dll
0x00007ffb685b0000 - 0x00007ffb6874d000 	C:\WINDOWS\System32\USER32.dll
0x00007ffb66570000 - 0x00007ffb66592000 	C:\WINDOWS\System32\win32u.dll
0x00007ffb67020000 - 0x00007ffb6704b000 	C:\WINDOWS\System32\GDI32.dll
0x00007ffb666e0000 - 0x00007ffb667f0000 	C:\WINDOWS\System32\gdi32full.dll
0x00007ffb664a0000 - 0x00007ffb6653d000 	C:\WINDOWS\System32\msvcp_win.dll
0x00007ffb663a0000 - 0x00007ffb664a0000 	C:\WINDOWS\System32\ucrtbase.dll
0x00007ffb45030000 - 0x00007ffb452ca000 	C:\WINDOWS\WinSxS\amd64_microsoft.windows.common-controls_6595b64144ccf1df_6.0.19041.1110_none_60b5254171f9507e\COMCTL32.dll
0x00007ffb67570000 - 0x00007ffb675a0000 	C:\WINDOWS\System32\IMM32.DLL
0x0000000053fa0000 - 0x0000000054072000 	C:\intelfpga_pro\21.4\quartus\bin64\jre64\bin\msvcr100.dll
0x0000000053150000 - 0x00000000539e3000 	C:\intelfpga_pro\21.4\quartus\bin64\jre64\bin\server\jvm.dll
0x00007ffb67d70000 - 0x00007ffb67d78000 	C:\WINDOWS\System32\PSAPI.DLL
0x00007ffb64970000 - 0x00007ffb64997000 	C:\WINDOWS\SYSTEM32\WINMM.dll
0x00007ffb592b0000 - 0x00007ffb592ba000 	C:\WINDOWS\SYSTEM32\VERSION.dll
0x00007ffb4e010000 - 0x00007ffb4e019000 	C:\WINDOWS\SYSTEM32\WSOCK32.dll
0x00007ffb676a0000 - 0x00007ffb6770b000 	C:\WINDOWS\System32\WS2_32.dll
0x00007ffb5fc00000 - 0x00007ffb5fc0f000 	C:\intelfpga_pro\21.4\quartus\bin64\jre64\bin\verify.dll
0x00007ffb1f580000 - 0x00007ffb1f5a9000 	C:\intelfpga_pro\21.4\quartus\bin64\jre64\bin\java.dll
0x00007ffb5ed20000 - 0x00007ffb5ed36000 	C:\intelfpga_pro\21.4\quartus\bin64\jre64\bin\zip.dll
0x00007ffb67e60000 - 0x00007ffb685a4000 	C:\WINDOWS\System32\SHELL32.dll
0x00007ffb63a50000 - 0x00007ffb641e3000 	C:\WINDOWS\SYSTEM32\windows.storage.dll
0x00007ffb66a60000 - 0x00007ffb66db4000 	C:\WINDOWS\System32\combase.dll
0x00007ffb657f0000 - 0x00007ffb6581e000 	C:\WINDOWS\SYSTEM32\Wldp.dll
0x00007ffb67250000 - 0x00007ffb672fd000 	C:\WINDOWS\System32\SHCORE.dll
0x00007ffb667f0000 - 0x00007ffb66845000 	C:\WINDOWS\System32\shlwapi.dll
0x00007ffb65de0000 - 0x00007ffb65dff000 	C:\WINDOWS\SYSTEM32\profapi.dll
0x00007ffb65740000 - 0x00007ffb65758000 	C:\WINDOWS\SYSTEM32\CRYPTSP.dll
0x00007ffb65720000 - 0x00007ffb65737000 	C:\Program Files\Common Files\Crypto Pro\AppCompat\cpadvai.dll
0x00007ffb64e40000 - 0x00007ffb64e74000 	C:\WINDOWS\system32\rsaenh.dll
0x00007ffb66540000 - 0x00007ffb66567000 	C:\WINDOWS\System32\bcrypt.dll
0x00007ffb65da0000 - 0x00007ffb65dce000 	C:\WINDOWS\SYSTEM32\USERENV.dll
0x00007ffb665a0000 - 0x00007ffb66622000 	C:\WINDOWS\System32\bcryptprimitives.dll
0x00007ffb65760000 - 0x00007ffb6576c000 	C:\WINDOWS\SYSTEM32\CRYPTBASE.dll
0x00007ffb5ecb0000 - 0x00007ffb5eccb000 	C:\intelFPGA_pro\21.4\quartus\bin64\jre64\bin\net.dll
0x00007ffb65520000 - 0x00007ffb6558a000 	C:\WINDOWS\system32\mswsock.dll
0x00007ffb65210000 - 0x00007ffb6524c000 	C:\WINDOWS\SYSTEM32\IPHLPAPI.DLL
0x00007ffb67440000 - 0x00007ffb67448000 	C:\WINDOWS\System32\NSI.dll
0x00007ffb59c00000 - 0x00007ffb59c17000 	C:\WINDOWS\SYSTEM32\dhcpcsvc6.DLL
0x00007ffb5a470000 - 0x00007ffb5a48d000 	C:\WINDOWS\SYSTEM32\dhcpcsvc.DLL
0x00007ffb65250000 - 0x00007ffb6531b000 	C:\WINDOWS\SYSTEM32\DNSAPI.dll
0x00007ffb27320000 - 0x00007ffb27331000 	C:\intelFPGA_pro\21.4\quartus\bin64\jre64\bin\nio.dll
0x00007ffb5e550000 - 0x00007ffb5e557000 	C:\intelFPGA_pro\21.4\quartus\bin64\sld_utiljni.dll
0x00007ffb23da0000 - 0x00007ffb23db9000 	C:\intelfpga_pro\21.4\quartus\bin64\VCRUNTIME140.dll
0x00007ffb5e540000 - 0x00007ffb5e549000 	C:\intelFPGA_pro\21.4\quartus\bin64\ccl_ver_jni_stub.dll
0x00007ffb215f0000 - 0x00007ffb21603000 	C:\intelfpga_pro\21.4\quartus\bin64\ccl_ver.dll
0x00007ffb22560000 - 0x00007ffb2256c000 	C:\intelfpga_pro\21.4\quartus\bin64\VCRUNTIME140_1.dll
0x00007ffb224c0000 - 0x00007ffb22551000 	C:\intelfpga_pro\21.4\quartus\bin64\MSVCP140.dll
0x00007ffb32740000 - 0x00007ffb3284a000 	C:\intelFPGA_pro\21.4\quartus\bin64\sld_filejni.dll
0x00007ffb67050000 - 0x00007ffb6711d000 	C:\WINDOWS\System32\OLEAUT32.dll
0x00007ffb66870000 - 0x00007ffb6699a000 	C:\WINDOWS\System32\ole32.dll
0x00007ffb677c0000 - 0x00007ffb6789a000 	C:\WINDOWS\System32\COMDLG32.dll
0x00007ffb5fe70000 - 0x00007ffb5fe89000 	C:\WINDOWS\SYSTEM32\NETAPI32.dll
0x0000000053b70000 - 0x0000000053cf9000 	C:\intelfpga_pro\21.4\quartus\bin64\tcl86.dll
0x00007ffb5fe50000 - 0x00007ffb5fe69000 	C:\WINDOWS\SYSTEM32\SAMCLI.DLL
0x00007ffb65320000 - 0x00007ffb6532c000 	C:\WINDOWS\SYSTEM32\NETUTILS.DLL
0x00007ffb65340000 - 0x00007ffb65383000 	C:\WINDOWS\SYSTEM32\LOGONCLI.DLL
0x00007ffb61300000 - 0x00007ffb6130a000 	C:\intelFPGA_pro\21.4\quartus\bin64\qsys_tcl_jni_bridge.dll

VM Arguments:
jvm_args: -Xmx6g -XX:+UseG1GC -XX:+UseStringDeduplication -Dawt.useSystemAAFontSettings=on 
java_command: com.altera.qsys.generate.QsysGenerate --shell-mode
java_class_path (initial): C:/intelfpga_pro/21.4/quartus/../qsys/lib\FastInfoset.jar;C:/intelfpga_pro/21.4/quartus/../qsys/lib\Nlview.jar;C:/intelfpga_pro/21.4/quartus/../qsys/lib\antlr-4.7.2-complete.jar;C:/intelfpga_pro/21.4/quartus/../qsys/lib\bare-bones-browser-launch-3.2.jar;C:/intelfpga_pro/21.4/quartus/../qsys/lib\codemodel.jar;C:/intelfpga_pro/21.4/quartus/../qsys/lib\com.altera.componenteditor2.jar;C:/intelfpga_pro/21.4/quartus/../qsys/lib\com.altera.docutils.jar;C:/intelfpga_pro/21.4/quartus/../qsys/lib\com.altera.embeddedsw.app_lib.jar;C:/intelfpga_pro/21.4/quartus/../qsys/lib\com.altera.embeddedsw.bsp.elements.jar;C:/intelfpga_pro/21.4/quartus/../qsys/lib\com.altera.embeddedsw.bsp.jar;C:/intelfpga_pro/21.4/quartus/../qsys/lib\com.altera.embeddedsw.bsp.plugin.core.jar;C:/intelfpga_pro/21.4/quartus/../qsys/lib\com.altera.embeddedsw.bsp.plugin.hal.jar;C:/intelfpga_pro/21.4/quartus/../qsys/lib\com.altera.embeddedsw.bsp.schema.jar;C:/intelfpga_pro/21.4/quartus/../qsys/lib\com.altera.embeddedsw.commandline.jar;C:/intelfpga_pro/21.4/quartus/../qsys/lib\com.altera.embeddedsw.swinfo.jar;C:/intelfpga_pro/21.4/quartus/../qsys/lib\com.altera.embeddedsw.utilities.jar;C:/intelfpga_pro/21.4/quartus/../qsys/lib\com.altera.hdlcomponent.jar;C:/intelfpga_pro/21.4/quartus/../qsys/lib\com.altera.hdlwriter.jar;C:/intelfpga_pro/21.4/quartus/../qsys/lib\com.altera.privateinterfaces.jar;C:/intelfpga_pro/21.4/quartus/../qsys/lib\com.altera.qsys.blackboxmodule.jar;C:/intelfpga_pro/21.4/quartus/../qsys/lib\com.altera.qsys.cmsis.jar;C:/intelfpga_pro/21.4/quartus/../qsys/lib\com.altera.qsys.hypericonnect.jar;C:/intelfpga_pro/21.4/quartus/../qsys/lib\com.altera.qsys.ipxact.jar;C:/intelfpga_pro/21.4/quartus/../qsys/lib\com.altera.qsys.ipxact.module.jar;C:/intelfpga_pro/21.4/quartus/../qsys/lib\com.altera.qsys.model.common.jar;C:/intelfpga_pro/21.4/quartus/../qsys/lib\com.altera.qsys.ui.jar;C:/intelfpga_pro/21.4/quartus/../qsys/lib\com.altera.sopc.generator.jar;C:/intelfpga_pro/21.4/q
Launcher Type: SUN_STANDARD

Environment Variables:
PATH=C:/intelfpga_pro/21.4/quartus/bin64;C:/intelfpga_pro/21.4/quartus/../qsys/bin;C:/intelfpga_pro/21.4/quartus/bin64;C:/intelfpga_pro/21.4/quartus/../qsys/bin;c:\intelfpga_pro\21.4\quartus\bin64\;c:\intelfpga_pro\21.4\qsys\bin\;C:\Users\alvas\AppData\Local\Programs\Python\Python39\Scripts\;C:\Users\alvas\AppData\Local\Programs\Python\Python39\;C:\Program Files (x86)\Python38-32\Scripts\;C:\Program Files (x86)\Python38-32\;C:\Program Files\Common Files\Oracle\Java\javapath;C:\Program Files (x86)\Common Files\Oracle\Java\javapath;C:\WINDOWS\system32;C:\WINDOWS;C:\WINDOWS\System32\Wbem;C:\WINDOWS\System32\WindowsPowerShell\v1.0\;C:\WINDOWS\System32\OpenSSH\;C:\Program Files\Sauris\bin;C:\Program Files\Git\cmd;C:\Program Files (x86)\STMicroelectronics\STM32 ST-LINK Utility\ST-LINK Utility;C:\Program Files\Microsoft VS Code\bin;C:\Program Files (x86)\P-CAD 2006 Viewer\;C:\Program Files\nodejs\;C;C:\Program Files\MATLAB\R2021b\runtime\win64;C:\Program Files\MATLAB\R2021b\bin;C:\Program Files\Mullvad VPN\resources;c:\Program Files (x86)\Microsoft SQL Server\110\Tools\Binn\;c:\Program Files\Microsoft SQL Server\110\Tools\Binn\;c:\Program Files\Microsoft SQL Server\110\DTS\Binn\;C:\Program Files (x86)\Microsoft SQL Server\110\Tools\Binn\ManagementStudio\;C:\Program Files (x86)\Microsoft SQL Server\110\DTS\Binn\;C:\Program Files (x86)\Windows Kits\8.1\Windows Performance Toolkit\;C:\Program Files\CMake\bin;C:\Users\alvas\AppData\Local\Programs\Python\Python39\Scripts\;C:\Users\alvas\AppData\Local\Programs\Python\Python39\;C:\Users\alvas\AppData\Local\Microsoft\WindowsApps;C:\Program Files\JetBrains\WebStorm 2020.3.2\bin;;C:\Users\alvas\AppData\Roaming\npm;C:\questasim64_10.4c\win64;C:\Program Files\svls;;C:\intelFPGA_pro\21.4\questa_fse\win64
USERNAME=alvas
OS=Windows_NT
PROCESSOR_IDENTIFIER=Intel64 Family 6 Model 142 Stepping 12, GenuineIntel



---------------  S Y S T E M  ---------------

OS: Windows 10.0 , 64 bit Build 19041 (10.0.19041.2788)

CPU:total 8 (initial active 8) (4 cores per cpu, 2 threads per core) family 6 model 142 stepping 12, cmov, cx8, fxsr, mmx, sse, sse2, sse3, ssse3, sse4.1, sse4.2, popcnt, avx, avx2, aes, clmul, erms, 3dnowpref, lzcnt, ht, tsc, tscinvbit, bmi1, bmi2, adx

Memory: 4k page, physical 5476940k(394448k free), swap 22254156k(65456k free)

vm_info: OpenJDK 64-Bit Server VM (25.302-b08) for windows-amd64 JRE (1.8.0_302-b08), built on Jul 16 2021 12:02:07 by "build" with MS VC++ 10.0 (VS2010)

time: Sat May 06 20:36:16 2023
timezone: Russia TZ 2 Standard Time
elapsed time: 360.958341 seconds (0d 0h 6m 0s)

