Info: Generated by version: 21.4 build 67
Info: Starting: Create simulation model
Info: qsys-generate C:\Users\alvas\Documents\Work_ASD\Projects\Learning\Ethernet\sfp_test\ip\system_design\send_packet_1.ip --simulation=VERILOG --allow-mixed-language-simulation --simulator=MODELSIM --output-directory=C:\Users\alvas\Documents\Work_ASD\Projects\Learning\Ethernet\sfp_test\ip\system_design\send_packet_1 --family="Cyclone 10 GX" --part=10CX220YF780E5G
Info: send_packet_1: "Transforming system: send_packet_1"
Info: send_packet_1: "Naming system components in system: send_packet_1"
Info: send_packet_1: "Processing generation queue"
Info: send_packet_1: "Generating: send_packet_1"
Info: send_packet_1: "Generating: send_packet"
Info: send_packet_1: Done "send_packet_1" with 2 modules, 2 files
Info: Generating the following file(s) for MODELSIM simulator in C:/Users/alvas/Documents/Work_ASD/Projects/Learning/Ethernet/sfp_test/ip/system_design/send_packet_1/sim/ directory:
Info: 	common/modelsim_files.tcl
Info: For information on how to simulate your IP, see the explanatory comments in the simulator-specific subdirectories under C:/Users/alvas/Documents/Work_ASD/Projects/Learning/Ethernet/sfp_test/ip/system_design/send_packet_1/sim/.
Info: Regenerate these scripts whenever you make any change to any Quartus-generated IP in your project.
Info: qsys-generate succeeded.
Info: Finished: Create simulation model
Info: Starting: Create simulation script
Info: sim-script-gen --system-file=C:\Users\alvas\Documents\Work_ASD\Projects\Learning\Ethernet\sfp_test\ip\system_design\send_packet_1.ip --simulator=MODELSIM --output-directory=C:/Users/alvas/Documents/Work_ASD/Projects/Learning/Ethernet/sfp_test/ip/system_design/send_packet_1/sim/ --use-relative-paths=true
Info: Generating the following file(s) for MODELSIM simulator in C:/Users/alvas/Documents/Work_ASD/Projects/Learning/Ethernet/sfp_test/ip/system_design/send_packet_1/sim/ directory:
Info: 	mentor/msim_setup.tcl
Info: For information on how to simulate your IP, see the explanatory comments in the simulator-specific subdirectories under C:/Users/alvas/Documents/Work_ASD/Projects/Learning/Ethernet/sfp_test/ip/system_design/send_packet_1/sim/.
Info: Regenerate these scripts whenever you make any change to any Quartus-generated IP in your project.
Info: Finished: Create simulation script
Info: 
Info: Starting: Create HDL design files for synthesis
Info: qsys-generate C:\Users\alvas\Documents\Work_ASD\Projects\Learning\Ethernet\sfp_test\ip\system_design\send_packet_1.ip --synthesis=VERILOG --output-directory=C:\Users\alvas\Documents\Work_ASD\Projects\Learning\Ethernet\sfp_test\ip\system_design\send_packet_1 --family="Cyclone 10 GX" --part=10CX220YF780E5G
Info: send_packet_1: "Transforming system: send_packet_1"
Info: send_packet_1: "Naming system components in system: send_packet_1"
Info: send_packet_1: "Processing generation queue"
Info: send_packet_1: "Generating: send_packet_1"
Info: send_packet_1: "Generating: send_packet"
Info: send_packet_1: Done "send_packet_1" with 2 modules, 2 files
Info: qsys-generate succeeded.
Info: Finished: Create HDL design files for synthesis
