Info: Generated by version: 21.3 build 170
Info: Starting: Create simulation model
Info: qsys-generate D:\Documents\Projects\Learning\SFP_test\ip\system_design\mem_0.ip --simulation=VERILOG --allow-mixed-language-simulation --simulator=MODELSIM --output-directory=D:\Documents\Projects\Learning\SFP_test\ip\system_design\mem_0 --family="Cyclone 10 GX" --part=10CX220YF780E5G
Info: mem_0: "Transforming system: mem_0"
Info: mem_0: "Naming system components in system: mem_0"
Info: mem_0: "Processing generation queue"
Info: mem_0: "Generating: mem_0"
Info: mem_0: "Generating: mem_0_altera_avalon_onchip_memory2_1931_pkw5wgy"
Info: mem_0: Starting RTL generation for module 'mem_0_altera_avalon_onchip_memory2_1931_pkw5wgy'
Info: mem_0:   Generation command is [exec C:/intelfpga_pro/21.3/quartus/bin64//perl/bin/perl.exe -I C:/intelfpga_pro/21.3/quartus/bin64//perl/lib -I C:/intelfpga_pro/21.3/quartus/sopc_builder/bin/europa -I C:/intelfpga_pro/21.3/quartus/sopc_builder/bin/perl_lib -I C:/intelfpga_pro/21.3/quartus/sopc_builder/bin -I C:/intelfpga_pro/21.3/quartus/../ip/altera/sopc_builder_ip/common -I C:/intelfpga_pro/21.3/quartus/../ip/altera/sopc_builder_ip/altera_avalon_onchip_memory2 -- C:/intelfpga_pro/21.3/quartus/../ip/altera/sopc_builder_ip/altera_avalon_onchip_memory2/generate_rtl.pl --name=mem_0_altera_avalon_onchip_memory2_1931_pkw5wgy --dir=C:/Users/ALEKSA~1/AppData/Local/Temp/alt9240_6914319213364684937.dir/0001_mem_0_gen/ --quartus_dir=C:/intelfpga_pro/21.3/quartus --verilog --config=C:/Users/ALEKSA~1/AppData/Local/Temp/alt9240_6914319213364684937.dir/0001_mem_0_gen//mem_0_altera_avalon_onchip_memory2_1931_pkw5wgy_component_configuration.pl  --do_build_sim=1    --sim_dir=C:/Users/ALEKSA~1/AppData/Local/Temp/alt9240_6914319213364684937.dir/0001_mem_0_gen/  ]
Info: mem_0: Done RTL generation for module 'mem_0_altera_avalon_onchip_memory2_1931_pkw5wgy'
Info: mem_0: Done "mem_0" with 2 modules, 2 files
Info: Generating the following file(s) for MODELSIM simulator in D:/Documents/Projects/Learning/SFP_test/ip/system_design/mem_0/sim/ directory:
Info: 	common/modelsim_files.tcl
Info: For information on how to simulate your IP, see the explanatory comments in the simulator-specific subdirectories under D:/Documents/Projects/Learning/SFP_test/ip/system_design/mem_0/sim/.
Info: Regenerate these scripts whenever you make any change to any Quartus-generated IP in your project.
Info: qsys-generate succeeded.
Info: Finished: Create simulation model
Info: Starting: Create simulation script
Info: sim-script-gen --system-file=D:\Documents\Projects\Learning\SFP_test\ip\system_design\mem_0.ip --simulator=MODELSIM --output-directory=D:/Documents/Projects/Learning/SFP_test/ip/system_design/mem_0/sim/ --use-relative-paths=true
Info: Generating the following file(s) for MODELSIM simulator in D:/Documents/Projects/Learning/SFP_test/ip/system_design/mem_0/sim/ directory:
Info: 	mentor/msim_setup.tcl
Info: For information on how to simulate your IP, see the explanatory comments in the simulator-specific subdirectories under D:/Documents/Projects/Learning/SFP_test/ip/system_design/mem_0/sim/.
Info: Regenerate these scripts whenever you make any change to any Quartus-generated IP in your project.
Info: Finished: Create simulation script
Info: 
Info: Starting: Create HDL design files for synthesis
Info: qsys-generate D:\Documents\Projects\Learning\SFP_test\ip\system_design\mem_0.ip --synthesis=VERILOG --output-directory=D:\Documents\Projects\Learning\SFP_test\ip\system_design\mem_0 --family="Cyclone 10 GX" --part=10CX220YF780E5G
Info: mem_0: "Transforming system: mem_0"
Info: mem_0: "Naming system components in system: mem_0"
Info: mem_0: "Processing generation queue"
Info: mem_0: "Generating: mem_0"
Info: mem_0: "Generating: mem_0_altera_avalon_onchip_memory2_1931_pkw5wgy"
Info: mem_0: Starting RTL generation for module 'mem_0_altera_avalon_onchip_memory2_1931_pkw5wgy'
Info: mem_0:   Generation command is [exec C:/intelfpga_pro/21.3/quartus/bin64//perl/bin/perl.exe -I C:/intelfpga_pro/21.3/quartus/bin64//perl/lib -I C:/intelfpga_pro/21.3/quartus/sopc_builder/bin/europa -I C:/intelfpga_pro/21.3/quartus/sopc_builder/bin/perl_lib -I C:/intelfpga_pro/21.3/quartus/sopc_builder/bin -I C:/intelfpga_pro/21.3/quartus/../ip/altera/sopc_builder_ip/common -I C:/intelfpga_pro/21.3/quartus/../ip/altera/sopc_builder_ip/altera_avalon_onchip_memory2 -- C:/intelfpga_pro/21.3/quartus/../ip/altera/sopc_builder_ip/altera_avalon_onchip_memory2/generate_rtl.pl --name=mem_0_altera_avalon_onchip_memory2_1931_pkw5wgy --dir=C:/Users/ALEKSA~1/AppData/Local/Temp/alt9240_6914319213364684937.dir/0003_mem_0_gen/ --quartus_dir=C:/intelfpga_pro/21.3/quartus --verilog --config=C:/Users/ALEKSA~1/AppData/Local/Temp/alt9240_6914319213364684937.dir/0003_mem_0_gen//mem_0_altera_avalon_onchip_memory2_1931_pkw5wgy_component_configuration.pl  --do_build_sim=0  ]
Info: mem_0: Done RTL generation for module 'mem_0_altera_avalon_onchip_memory2_1931_pkw5wgy'
Info: mem_0: Done "mem_0" with 2 modules, 2 files
Info: qsys-generate succeeded.
Info: Finished: Create HDL design files for synthesis
