Info: Generated by version: 21.4 build 67
Info: Starting: Create simulation model
Info: qsys-generate C:\Users\alvas\AppData\Local\Temp\alt9475_9143118846348988458.dir\0002_ddr3_gen\sim\ip\ed_sim\ed_sim_pll_ref_clk_source.ip --simulation=VERILOG --allow-mixed-language-simulation --output-directory=C:\Users\alvas\AppData\Local\Temp\alt9475_9143118846348988458.dir\0002_ddr3_gen\sim\ip\ed_sim\ed_sim_pll_ref_clk_source --family="Cyclone 10 GX" --part=10CX220YF780I5G
Info: ed_sim_pll_ref_clk_source.pll_ref_clk_source: Elaborate: altera_clock_source
Info: ed_sim_pll_ref_clk_source.pll_ref_clk_source:            $Revision: #1 $
Info: ed_sim_pll_ref_clk_source.pll_ref_clk_source:            $Date: 2021/09/02 $
Info: ed_sim_pll_ref_clk_source: "Transforming system: ed_sim_pll_ref_clk_source"
Info: ed_sim_pll_ref_clk_source: "Naming system components in system: ed_sim_pll_ref_clk_source"
Info: ed_sim_pll_ref_clk_source: "Processing generation queue"
Info: ed_sim_pll_ref_clk_source: "Generating: ed_sim_pll_ref_clk_source"
Info: ed_sim_pll_ref_clk_source: "Generating: altera_avalon_clock_source"
Info: ed_sim_pll_ref_clk_source: Done "ed_sim_pll_ref_clk_source" with 2 modules, 3 files
Info: Generating the following file(s) for MODELSIM simulator in C:/Users/alvas/AppData/Local/Temp/alt9475_9143118846348988458.dir/0002_ddr3_gen/sim/ip/ed_sim/ed_sim_pll_ref_clk_source/sim/ directory:
Info: 	common/modelsim_files.tcl
Info: Generating the following file(s) for RIVIERA simulator in C:/Users/alvas/AppData/Local/Temp/alt9475_9143118846348988458.dir/0002_ddr3_gen/sim/ip/ed_sim/ed_sim_pll_ref_clk_source/sim/ directory:
Info: 	common/riviera_files.tcl
Info: For information on how to simulate your IP, see the explanatory comments in the simulator-specific subdirectories under C:/Users/alvas/AppData/Local/Temp/alt9475_9143118846348988458.dir/0002_ddr3_gen/sim/ip/ed_sim/ed_sim_pll_ref_clk_source/sim/.
Info: Regenerate these scripts whenever you make any change to any Quartus-generated IP in your project.
Info: qsys-generate succeeded.
Info: Finished: Create simulation model
Info: Starting: Create simulation script
Info: sim-script-gen --system-file=C:\Users\alvas\AppData\Local\Temp\alt9475_9143118846348988458.dir\0002_ddr3_gen\sim\ip\ed_sim\ed_sim_pll_ref_clk_source.ip --output-directory=C:/Users/alvas/AppData/Local/Temp/alt9475_9143118846348988458.dir/0002_ddr3_gen/sim/ip/ed_sim/ed_sim_pll_ref_clk_source/sim/ --use-relative-paths=true
Info: Generating the following file(s) for MODELSIM simulator in C:/Users/alvas/AppData/Local/Temp/alt9475_9143118846348988458.dir/0002_ddr3_gen/sim/ip/ed_sim/ed_sim_pll_ref_clk_source/sim/ directory:
Info: 	mentor/msim_setup.tcl
Info: Generating the following file(s) for RIVIERA simulator in C:/Users/alvas/AppData/Local/Temp/alt9475_9143118846348988458.dir/0002_ddr3_gen/sim/ip/ed_sim/ed_sim_pll_ref_clk_source/sim/ directory:
Info: 	aldec/rivierapro_setup.tcl
Info: For information on how to simulate your IP, see the explanatory comments in the simulator-specific subdirectories under C:/Users/alvas/AppData/Local/Temp/alt9475_9143118846348988458.dir/0002_ddr3_gen/sim/ip/ed_sim/ed_sim_pll_ref_clk_source/sim/.
Info: Regenerate these scripts whenever you make any change to any Quartus-generated IP in your project.
Info: Finished: Create simulation script
