Info: Generated by version: 21.3 build 170
Info: Starting: Create simulation model
Info: qsys-generate D:\Documents\Projects\Learning\SFP_test\ip\system_design\clock_ddr_avalon.ip --simulation=VERILOG --allow-mixed-language-simulation --simulator=MODELSIM --output-directory=D:\Documents\Projects\Learning\SFP_test\ip\system_design\clock_ddr_avalon --family="Cyclone 10 GX" --part=10CX220YF780I5G
Info: clock_ddr_avalon: "Transforming system: clock_ddr_avalon"
Info: clock_ddr_avalon: "Naming system components in system: clock_ddr_avalon"
Info: clock_ddr_avalon: "Processing generation queue"
Info: clock_ddr_avalon: "Generating: clock_ddr_avalon"
Info: clock_ddr_avalon: Done "clock_ddr_avalon" with 1 modules, 1 files
Info: Generating the following file(s) for MODELSIM simulator in D:/Documents/Projects/Learning/SFP_test/ip/system_design/clock_ddr_avalon/sim/ directory:
Info: 	common/modelsim_files.tcl
Info: For information on how to simulate your IP, see the explanatory comments in the simulator-specific subdirectories under D:/Documents/Projects/Learning/SFP_test/ip/system_design/clock_ddr_avalon/sim/.
Info: Regenerate these scripts whenever you make any change to any Quartus-generated IP in your project.
Info: qsys-generate succeeded.
Info: Finished: Create simulation model
Info: Starting: Create simulation script
Info: sim-script-gen --system-file=D:\Documents\Projects\Learning\SFP_test\ip\system_design\clock_ddr_avalon.ip --simulator=MODELSIM --output-directory=D:/Documents/Projects/Learning/SFP_test/ip/system_design/clock_ddr_avalon/sim/ --use-relative-paths=true
Info: Generating the following file(s) for MODELSIM simulator in D:/Documents/Projects/Learning/SFP_test/ip/system_design/clock_ddr_avalon/sim/ directory:
Info: 	mentor/msim_setup.tcl
Info: For information on how to simulate your IP, see the explanatory comments in the simulator-specific subdirectories under D:/Documents/Projects/Learning/SFP_test/ip/system_design/clock_ddr_avalon/sim/.
Info: Regenerate these scripts whenever you make any change to any Quartus-generated IP in your project.
Info: Finished: Create simulation script
Info: Starting: Create block symbol file (.bsf)
Info: qsys-generate D:\Documents\Projects\Learning\SFP_test\ip\system_design\clock_ddr_avalon.ip --block-symbol-file --output-directory=D:\Documents\Projects\Learning\SFP_test\ip\system_design\clock_ddr_avalon --family="Cyclone 10 GX" --part=10CX220YF780I5G
Info: qsys-generate succeeded.
Info: Finished: Create block symbol file (.bsf)
Info: 
Info: Starting: Create HDL design files for synthesis
Info: qsys-generate D:\Documents\Projects\Learning\SFP_test\ip\system_design\clock_ddr_avalon.ip --synthesis=VERILOG --output-directory=D:\Documents\Projects\Learning\SFP_test\ip\system_design\clock_ddr_avalon --family="Cyclone 10 GX" --part=10CX220YF780I5G
Info: clock_ddr_avalon: "Transforming system: clock_ddr_avalon"
Info: clock_ddr_avalon: "Naming system components in system: clock_ddr_avalon"
Info: clock_ddr_avalon: "Processing generation queue"
Info: clock_ddr_avalon: "Generating: clock_ddr_avalon"
Info: clock_ddr_avalon: Done "clock_ddr_avalon" with 1 modules, 1 files
Info: qsys-generate succeeded.
Info: Finished: Create HDL design files for synthesis
