Info: Generated by version: 21.3 build 170
Info: Starting: Create simulation model
Info: qsys-generate D:\Documents\Projects\Learning\SFP_test\ip\system_design\mem_5.ip --simulation=VERILOG --allow-mixed-language-simulation --simulator=MODELSIM --output-directory=D:\Documents\Projects\Learning\SFP_test\ip\system_design\mem_5 --family="Cyclone 10 GX" --part=10CX220YF780E5G
Info: mem_5: "Transforming system: mem_5"
Info: mem_5: "Naming system components in system: mem_5"
Info: mem_5: "Processing generation queue"
Info: mem_5: "Generating: mem_5"
Info: mem_5: "Generating: mem_5_altera_avalon_onchip_memory2_1931_5zdcm7i"
Info: mem_5: Starting RTL generation for module 'mem_5_altera_avalon_onchip_memory2_1931_5zdcm7i'
Info: mem_5:   Generation command is [exec C:/intelfpga_pro/21.3/quartus/bin64//perl/bin/perl.exe -I C:/intelfpga_pro/21.3/quartus/bin64//perl/lib -I C:/intelfpga_pro/21.3/quartus/sopc_builder/bin/europa -I C:/intelfpga_pro/21.3/quartus/sopc_builder/bin/perl_lib -I C:/intelfpga_pro/21.3/quartus/sopc_builder/bin -I C:/intelfpga_pro/21.3/quartus/../ip/altera/sopc_builder_ip/common -I C:/intelfpga_pro/21.3/quartus/../ip/altera/sopc_builder_ip/altera_avalon_onchip_memory2 -- C:/intelfpga_pro/21.3/quartus/../ip/altera/sopc_builder_ip/altera_avalon_onchip_memory2/generate_rtl.pl --name=mem_5_altera_avalon_onchip_memory2_1931_5zdcm7i --dir=C:/Users/ALEKSA~1/AppData/Local/Temp/alt9256_7714685816177303253.dir/0004_mem_5_gen/ --quartus_dir=C:/intelfpga_pro/21.3/quartus --verilog --config=C:/Users/ALEKSA~1/AppData/Local/Temp/alt9256_7714685816177303253.dir/0004_mem_5_gen//mem_5_altera_avalon_onchip_memory2_1931_5zdcm7i_component_configuration.pl  --do_build_sim=1    --sim_dir=C:/Users/ALEKSA~1/AppData/Local/Temp/alt9256_7714685816177303253.dir/0004_mem_5_gen/  ]
Info: mem_5: Done RTL generation for module 'mem_5_altera_avalon_onchip_memory2_1931_5zdcm7i'
Info: mem_5: Done "mem_5" with 2 modules, 2 files
Info: Generating the following file(s) for MODELSIM simulator in D:/Documents/Projects/Learning/SFP_test/ip/system_design/mem_5/sim/ directory:
Info: 	common/modelsim_files.tcl
Info: For information on how to simulate your IP, see the explanatory comments in the simulator-specific subdirectories under D:/Documents/Projects/Learning/SFP_test/ip/system_design/mem_5/sim/.
Info: Regenerate these scripts whenever you make any change to any Quartus-generated IP in your project.
Info: qsys-generate succeeded.
Info: Finished: Create simulation model
Info: Starting: Create simulation script
Info: sim-script-gen --system-file=D:\Documents\Projects\Learning\SFP_test\ip\system_design\mem_5.ip --simulator=MODELSIM --output-directory=D:/Documents/Projects/Learning/SFP_test/ip/system_design/mem_5/sim/ --use-relative-paths=true
Info: Generating the following file(s) for MODELSIM simulator in D:/Documents/Projects/Learning/SFP_test/ip/system_design/mem_5/sim/ directory:
Info: 	mentor/msim_setup.tcl
Info: For information on how to simulate your IP, see the explanatory comments in the simulator-specific subdirectories under D:/Documents/Projects/Learning/SFP_test/ip/system_design/mem_5/sim/.
Info: Regenerate these scripts whenever you make any change to any Quartus-generated IP in your project.
Info: Finished: Create simulation script
Info: 
Info: Starting: Create HDL design files for synthesis
Info: qsys-generate D:\Documents\Projects\Learning\SFP_test\ip\system_design\mem_5.ip --synthesis=VERILOG --output-directory=D:\Documents\Projects\Learning\SFP_test\ip\system_design\mem_5 --family="Cyclone 10 GX" --part=10CX220YF780E5G
Info: mem_5: "Transforming system: mem_5"
Info: mem_5: "Naming system components in system: mem_5"
Info: mem_5: "Processing generation queue"
Info: mem_5: "Generating: mem_5"
Info: mem_5: "Generating: mem_5_altera_avalon_onchip_memory2_1931_5zdcm7i"
Info: mem_5: Starting RTL generation for module 'mem_5_altera_avalon_onchip_memory2_1931_5zdcm7i'
Info: mem_5:   Generation command is [exec C:/intelfpga_pro/21.3/quartus/bin64//perl/bin/perl.exe -I C:/intelfpga_pro/21.3/quartus/bin64//perl/lib -I C:/intelfpga_pro/21.3/quartus/sopc_builder/bin/europa -I C:/intelfpga_pro/21.3/quartus/sopc_builder/bin/perl_lib -I C:/intelfpga_pro/21.3/quartus/sopc_builder/bin -I C:/intelfpga_pro/21.3/quartus/../ip/altera/sopc_builder_ip/common -I C:/intelfpga_pro/21.3/quartus/../ip/altera/sopc_builder_ip/altera_avalon_onchip_memory2 -- C:/intelfpga_pro/21.3/quartus/../ip/altera/sopc_builder_ip/altera_avalon_onchip_memory2/generate_rtl.pl --name=mem_5_altera_avalon_onchip_memory2_1931_5zdcm7i --dir=C:/Users/ALEKSA~1/AppData/Local/Temp/alt9256_7714685816177303253.dir/0006_mem_5_gen/ --quartus_dir=C:/intelfpga_pro/21.3/quartus --verilog --config=C:/Users/ALEKSA~1/AppData/Local/Temp/alt9256_7714685816177303253.dir/0006_mem_5_gen//mem_5_altera_avalon_onchip_memory2_1931_5zdcm7i_component_configuration.pl  --do_build_sim=0  ]
Info: mem_5: Done RTL generation for module 'mem_5_altera_avalon_onchip_memory2_1931_5zdcm7i'
Info: mem_5: Done "mem_5" with 2 modules, 2 files
Info: qsys-generate succeeded.
Info: Finished: Create HDL design files for synthesis
