Info: Generated by version: 21.3 build 170
Info: Starting: Create simulation model
Info: qsys-generate D:\Documents\Projects\Learning\SFP_test\ip\system_design\reset_mod.ip --simulation=VERILOG --allow-mixed-language-simulation --simulator=MODELSIM --output-directory=D:\Documents\Projects\Learning\SFP_test\ip\system_design\reset_mod --family="Cyclone 10 GX" --part=10CX220YF780E5G
Info: reset_mod: "Transforming system: reset_mod"
Info: reset_mod: "Naming system components in system: reset_mod"
Info: reset_mod: "Processing generation queue"
Info: reset_mod: "Generating: reset_mod"
Info: reset_mod: "Generating: reset_module"
Info: reset_mod: Done "reset_mod" with 2 modules, 2 files
Info: Generating the following file(s) for MODELSIM simulator in D:/Documents/Projects/Learning/SFP_test/ip/system_design/reset_mod/sim/ directory:
Info: 	common/modelsim_files.tcl
Info: For information on how to simulate your IP, see the explanatory comments in the simulator-specific subdirectories under D:/Documents/Projects/Learning/SFP_test/ip/system_design/reset_mod/sim/.
Info: Regenerate these scripts whenever you make any change to any Quartus-generated IP in your project.
Info: qsys-generate succeeded.
Info: Finished: Create simulation model
Info: Starting: Create simulation script
Info: sim-script-gen --system-file=D:\Documents\Projects\Learning\SFP_test\ip\system_design\reset_mod.ip --simulator=MODELSIM --output-directory=D:/Documents/Projects/Learning/SFP_test/ip/system_design/reset_mod/sim/ --use-relative-paths=true
Info: Generating the following file(s) for MODELSIM simulator in D:/Documents/Projects/Learning/SFP_test/ip/system_design/reset_mod/sim/ directory:
Info: 	mentor/msim_setup.tcl
Info: For information on how to simulate your IP, see the explanatory comments in the simulator-specific subdirectories under D:/Documents/Projects/Learning/SFP_test/ip/system_design/reset_mod/sim/.
Info: Regenerate these scripts whenever you make any change to any Quartus-generated IP in your project.
Info: Finished: Create simulation script
Info: Starting: Create block symbol file (.bsf)
Info: qsys-generate D:\Documents\Projects\Learning\SFP_test\ip\system_design\reset_mod.ip --block-symbol-file --output-directory=D:\Documents\Projects\Learning\SFP_test\ip\system_design\reset_mod --family="Cyclone 10 GX" --part=10CX220YF780E5G
Info: qsys-generate succeeded.
Info: Finished: Create block symbol file (.bsf)
Info: 
Info: Starting: Create HDL design files for synthesis
Info: qsys-generate D:\Documents\Projects\Learning\SFP_test\ip\system_design\reset_mod.ip --synthesis=VERILOG --output-directory=D:\Documents\Projects\Learning\SFP_test\ip\system_design\reset_mod --family="Cyclone 10 GX" --part=10CX220YF780E5G
Info: reset_mod: "Transforming system: reset_mod"
Info: reset_mod: "Naming system components in system: reset_mod"
Info: reset_mod: "Processing generation queue"
Info: reset_mod: "Generating: reset_mod"
Info: reset_mod: "Generating: reset_module"
Info: reset_mod: Done "reset_mod" with 2 modules, 2 files
Info: qsys-generate succeeded.
Info: Finished: Create HDL design files for synthesis
