Info: Generated by version: 21.3 build 170
Info: Starting: Create simulation model
Info: qsys-generate D:\Documents\Projects\Learning\SFP_test\ip\system_design\init_mac.ip --simulation=VERILOG --allow-mixed-language-simulation --simulator=MODELSIM --output-directory=D:\Documents\Projects\Learning\SFP_test\ip\system_design\init_mac --family="Cyclone 10 GX" --part=10CX220YF780E5G
Info: init_mac: "Transforming system: init_mac"
Info: init_mac: "Naming system components in system: init_mac"
Info: init_mac: "Processing generation queue"
Info: init_mac: "Generating: init_mac"
Info: init_mac: "Generating: mac_init_top"
Info: init_mac: Done "init_mac" with 2 modules, 5 files
Info: Generating the following file(s) for MODELSIM simulator in D:/Documents/Projects/Learning/SFP_test/ip/system_design/init_mac/sim/ directory:
Info: 	common/modelsim_files.tcl
Info: For information on how to simulate your IP, see the explanatory comments in the simulator-specific subdirectories under D:/Documents/Projects/Learning/SFP_test/ip/system_design/init_mac/sim/.
Info: Regenerate these scripts whenever you make any change to any Quartus-generated IP in your project.
Info: qsys-generate succeeded.
Info: Finished: Create simulation model
Info: Starting: Create simulation script
Info: sim-script-gen --system-file=D:\Documents\Projects\Learning\SFP_test\ip\system_design\init_mac.ip --simulator=MODELSIM --output-directory=D:/Documents/Projects/Learning/SFP_test/ip/system_design/init_mac/sim/ --use-relative-paths=true
Info: Generating the following file(s) for MODELSIM simulator in D:/Documents/Projects/Learning/SFP_test/ip/system_design/init_mac/sim/ directory:
Info: 	mentor/msim_setup.tcl
Info: For information on how to simulate your IP, see the explanatory comments in the simulator-specific subdirectories under D:/Documents/Projects/Learning/SFP_test/ip/system_design/init_mac/sim/.
Info: Regenerate these scripts whenever you make any change to any Quartus-generated IP in your project.
Info: Finished: Create simulation script
Info: 
Info: Starting: Create HDL design files for synthesis
Info: qsys-generate D:\Documents\Projects\Learning\SFP_test\ip\system_design\init_mac.ip --synthesis=VERILOG --output-directory=D:\Documents\Projects\Learning\SFP_test\ip\system_design\init_mac --family="Cyclone 10 GX" --part=10CX220YF780E5G
Info: init_mac: "Transforming system: init_mac"
Info: init_mac: "Naming system components in system: init_mac"
Info: init_mac: "Processing generation queue"
Info: init_mac: "Generating: init_mac"
Info: init_mac: "Generating: mac_init_top"
Info: init_mac: Done "init_mac" with 2 modules, 5 files
Info: qsys-generate succeeded.
Info: Finished: Create HDL design files for synthesis
