Info: Generated by version: 21.4 build 67
Info: Starting: Create simulation model
Info: qsys-generate C:\Users\alvas\AppData\Local\Temp\alt9475_9143118846348988458.dir\0002_ddr3_gen\sim\ip\ed_sim\ed_sim_global_reset_n_splitter.ip --simulation=VERILOG --allow-mixed-language-simulation --output-directory=C:\Users\alvas\AppData\Local\Temp\alt9475_9143118846348988458.dir\0002_ddr3_gen\sim\ip\ed_sim\ed_sim_global_reset_n_splitter --family="Cyclone 10 GX" --part=10CX220YF780I5G
Warning: ed_sim_global_reset_n_splitter.global_reset_n_splitter.sig_output_if_0: Associated reset sinks not declared
Info: ed_sim_global_reset_n_splitter: "Transforming system: ed_sim_global_reset_n_splitter"
Info: ed_sim_global_reset_n_splitter: "Naming system components in system: ed_sim_global_reset_n_splitter"
Info: ed_sim_global_reset_n_splitter: "Processing generation queue"
Info: ed_sim_global_reset_n_splitter: "Generating: ed_sim_global_reset_n_splitter"
Info: ed_sim_global_reset_n_splitter: Done "ed_sim_global_reset_n_splitter" with 1 modules, 1 files
Info: Generating the following file(s) for MODELSIM simulator in C:/Users/alvas/AppData/Local/Temp/alt9475_9143118846348988458.dir/0002_ddr3_gen/sim/ip/ed_sim/ed_sim_global_reset_n_splitter/sim/ directory:
Info: 	common/modelsim_files.tcl
Info: Generating the following file(s) for RIVIERA simulator in C:/Users/alvas/AppData/Local/Temp/alt9475_9143118846348988458.dir/0002_ddr3_gen/sim/ip/ed_sim/ed_sim_global_reset_n_splitter/sim/ directory:
Info: 	common/riviera_files.tcl
Info: For information on how to simulate your IP, see the explanatory comments in the simulator-specific subdirectories under C:/Users/alvas/AppData/Local/Temp/alt9475_9143118846348988458.dir/0002_ddr3_gen/sim/ip/ed_sim/ed_sim_global_reset_n_splitter/sim/.
Info: Regenerate these scripts whenever you make any change to any Quartus-generated IP in your project.
Info: qsys-generate succeeded.
Info: Finished: Create simulation model
Info: Starting: Create simulation script
Info: sim-script-gen --system-file=C:\Users\alvas\AppData\Local\Temp\alt9475_9143118846348988458.dir\0002_ddr3_gen\sim\ip\ed_sim\ed_sim_global_reset_n_splitter.ip --output-directory=C:/Users/alvas/AppData/Local/Temp/alt9475_9143118846348988458.dir/0002_ddr3_gen/sim/ip/ed_sim/ed_sim_global_reset_n_splitter/sim/ --use-relative-paths=true
Info: Generating the following file(s) for MODELSIM simulator in C:/Users/alvas/AppData/Local/Temp/alt9475_9143118846348988458.dir/0002_ddr3_gen/sim/ip/ed_sim/ed_sim_global_reset_n_splitter/sim/ directory:
Info: 	mentor/msim_setup.tcl
Info: Generating the following file(s) for RIVIERA simulator in C:/Users/alvas/AppData/Local/Temp/alt9475_9143118846348988458.dir/0002_ddr3_gen/sim/ip/ed_sim/ed_sim_global_reset_n_splitter/sim/ directory:
Info: 	aldec/rivierapro_setup.tcl
Info: For information on how to simulate your IP, see the explanatory comments in the simulator-specific subdirectories under C:/Users/alvas/AppData/Local/Temp/alt9475_9143118846348988458.dir/0002_ddr3_gen/sim/ip/ed_sim/ed_sim_global_reset_n_splitter/sim/.
Info: Regenerate these scripts whenever you make any change to any Quartus-generated IP in your project.
Info: Finished: Create simulation script
