Info: Generated by version: 21.3 build 170
Info: Starting: Create block symbol file (.bsf)
Info: qsys-generate D:\Documents\Projects\Learning\SFP_test\ip\system_design\xcvr_pll.ip --block-symbol-file --output-directory=D:\Documents\Projects\Learning\SFP_test\ip\system_design\xcvr_pll --family="Cyclone 10 GX" --part=10CX220YF780I5G
Info: xcvr_pll.xcvr_pll: Selected device is 10CX220YF780I5G
Info: qsys-generate succeeded.
Info: Finished: Create block symbol file (.bsf)
Info: 
Info: Starting: Create HDL design files for synthesis
Info: qsys-generate D:\Documents\Projects\Learning\SFP_test\ip\system_design\xcvr_pll.ip --synthesis=VERILOG --output-directory=D:\Documents\Projects\Learning\SFP_test\ip\system_design\xcvr_pll --family="Cyclone 10 GX" --part=10CX220YF780I5G
Info: xcvr_pll.xcvr_pll: Selected device is 10CX220YF780I5G
Info: xcvr_pll: "Transforming system: xcvr_pll"
Info: xcvr_pll: "Naming system components in system: xcvr_pll"
Info: xcvr_pll: "Processing generation queue"
Info: xcvr_pll: "Generating: xcvr_pll"
Info: xcvr_pll: "Generating: xcvr_pll_altera_xcvr_atx_pll_a10_191_rdwboly"
Info: xcvr_pll: add_fileset_file ./twentynm_xcvr_avmm.sv SYSTEM_VERILOG PATH ../../../alt_xcvr_core/nf/twentynm_xcvr_avmm.sv
Info: xcvr_pll: add_fileset_file ./alt_xcvr_resync.sv SYSTEM_VERILOG PATH ../../../../altera_xcvr_generic/ctrl/alt_xcvr_resync.sv
Info: xcvr_pll: add_fileset_file ./alt_xcvr_arbiter.sv SYSTEM_VERILOG PATH ../../../../altera_xcvr_generic/ctrl/alt_xcvr_arbiter.sv
Info: xcvr_pll: add_fileset_file ./a10_avmm_h.sv SYSTEM_VERILOG PATH ../../../altera_xcvr_native_phy/altera_xcvr_native_vi/a10_avmm_h.sv
Info: xcvr_pll: add_fileset_file ./altera_xcvr_native_a10_functions_h.sv SYSTEM_VERILOG PATH ../../../altera_xcvr_native_phy/altera_xcvr_native_vi/altera_xcvr_native_a10_functions_h.sv
Info: xcvr_pll: add_fileset_file ./alt_xcvr_atx_pll_rcfg_arb.sv SYSTEM_VERILOG PATH ../source/alt_xcvr_atx_pll_rcfg_arb.sv
Info: xcvr_pll: add_fileset_file ./a10_xcvr_atx_pll.sv SYSTEM_VERILOG PATH ../source/a10_xcvr_atx_pll.sv
Info: xcvr_pll: add_fileset_file ./alt_xcvr_pll_embedded_debug.sv SYSTEM_VERILOG PATH ../source/alt_xcvr_pll_embedded_debug.sv
Info: xcvr_pll: add_fileset_file ./alt_xcvr_pll_avmm_csr.sv SYSTEM_VERILOG PATH ../source/alt_xcvr_pll_avmm_csr.sv
Info: xcvr_pll: Done "xcvr_pll" with 2 modules, 13 files
Info: qsys-generate succeeded.
Info: Finished: Create HDL design files for synthesis
