Info: Generated by version: 21.4 build 67
Info: Starting: Create simulation model
Info: qsys-generate C:\Users\alvas\Documents\Work_ASD\Projects\Learning\sfp_test\ip\system_design\send_cmd_pcie.ip --simulation=VERILOG --allow-mixed-language-simulation --simulator=MODELSIM --output-directory=C:\Users\alvas\Documents\Work_ASD\Projects\Learning\sfp_test\ip\system_design\send_cmd_pcie --family="Cyclone 10 GX" --part=10CX220YF780I5G
Info: send_cmd_pcie: "Transforming system: send_cmd_pcie"
Info: send_cmd_pcie: "Naming system components in system: send_cmd_pcie"
Info: send_cmd_pcie: "Processing generation queue"
Info: send_cmd_pcie: "Generating: send_cmd_pcie"
Info: send_cmd_pcie: "Generating: avalon_mm_slave"
Info: send_cmd_pcie: Done "send_cmd_pcie" with 2 modules, 2 files
Info: Generating the following file(s) for MODELSIM simulator in C:/Users/alvas/Documents/Work_ASD/Projects/Learning/sfp_test/ip/system_design/send_cmd_pcie/sim/ directory:
Info: 	common/modelsim_files.tcl
Info: For information on how to simulate your IP, see the explanatory comments in the simulator-specific subdirectories under C:/Users/alvas/Documents/Work_ASD/Projects/Learning/sfp_test/ip/system_design/send_cmd_pcie/sim/.
Info: Regenerate these scripts whenever you make any change to any Quartus-generated IP in your project.
Info: qsys-generate succeeded.
Info: Finished: Create simulation model
Info: Starting: Create simulation script
Info: sim-script-gen --system-file=C:\Users\alvas\Documents\Work_ASD\Projects\Learning\sfp_test\ip\system_design\send_cmd_pcie.ip --simulator=MODELSIM --output-directory=C:/Users/alvas/Documents/Work_ASD/Projects/Learning/sfp_test/ip/system_design/send_cmd_pcie/sim/ --use-relative-paths=true
Info: Generating the following file(s) for MODELSIM simulator in C:/Users/alvas/Documents/Work_ASD/Projects/Learning/sfp_test/ip/system_design/send_cmd_pcie/sim/ directory:
Info: 	mentor/msim_setup.tcl
Info: For information on how to simulate your IP, see the explanatory comments in the simulator-specific subdirectories under C:/Users/alvas/Documents/Work_ASD/Projects/Learning/sfp_test/ip/system_design/send_cmd_pcie/sim/.
Info: Regenerate these scripts whenever you make any change to any Quartus-generated IP in your project.
Info: Finished: Create simulation script
Info: 
Info: Starting: Create HDL design files for synthesis
Info: qsys-generate C:\Users\alvas\Documents\Work_ASD\Projects\Learning\sfp_test\ip\system_design\send_cmd_pcie.ip --synthesis=VERILOG --output-directory=C:\Users\alvas\Documents\Work_ASD\Projects\Learning\sfp_test\ip\system_design\send_cmd_pcie --family="Cyclone 10 GX" --part=10CX220YF780I5G
Info: send_cmd_pcie: "Transforming system: send_cmd_pcie"
Info: send_cmd_pcie: "Naming system components in system: send_cmd_pcie"
Info: send_cmd_pcie: "Processing generation queue"
Info: send_cmd_pcie: "Generating: send_cmd_pcie"
Info: send_cmd_pcie: "Generating: avalon_mm_slave"
Info: send_cmd_pcie: Done "send_cmd_pcie" with 2 modules, 2 files
Info: qsys-generate succeeded.
Info: Finished: Create HDL design files for synthesis
