Info: Generated by version: 21.4 build 67
Info: Starting: Create simulation model
Info: qsys-generate C:\Users\alvas\Documents\Work_ASD\Projects\Learning\sfp_test\ip\system_design\mem_3.ip --simulation=VERILOG --allow-mixed-language-simulation --simulator=MODELSIM --output-directory=C:\Users\alvas\Documents\Work_ASD\Projects\Learning\sfp_test\ip\system_design\mem_3 --family="Cyclone 10 GX" --part=10CX220YF780I5G
Info: mem_3: "Transforming system: mem_3"
Info: mem_3: "Naming system components in system: mem_3"
Info: mem_3: "Processing generation queue"
Info: mem_3: "Generating: mem_3"
Info: mem_3: "Generating: mem_3_altera_avalon_onchip_memory2_1931_h4b5dza"
Info: mem_3: Starting RTL generation for module 'mem_3_altera_avalon_onchip_memory2_1931_h4b5dza'
Info: mem_3:   Generation command is [exec C:/intelfpga_pro/21.4/quartus/bin64//perl/bin/perl.exe -I C:/intelfpga_pro/21.4/quartus/bin64//perl/lib -I C:/intelfpga_pro/21.4/quartus/sopc_builder/bin/europa -I C:/intelfpga_pro/21.4/quartus/sopc_builder/bin/perl_lib -I C:/intelfpga_pro/21.4/quartus/sopc_builder/bin -I C:/intelfpga_pro/21.4/quartus/../ip/altera/sopc_builder_ip/common -I C:/intelfpga_pro/21.4/quartus/../ip/altera/sopc_builder_ip/altera_avalon_onchip_memory2 -- C:/intelfpga_pro/21.4/quartus/../ip/altera/sopc_builder_ip/altera_avalon_onchip_memory2/generate_rtl.pl --name=mem_3_altera_avalon_onchip_memory2_1931_h4b5dza --dir=C:/Users/alvas/AppData/Local/Temp/alt9490_4153096073308981270.dir/0018_mem_3_gen/ --quartus_dir=C:/intelfpga_pro/21.4/quartus --verilog --config=C:/Users/alvas/AppData/Local/Temp/alt9490_4153096073308981270.dir/0018_mem_3_gen//mem_3_altera_avalon_onchip_memory2_1931_h4b5dza_component_configuration.pl  --do_build_sim=1    --sim_dir=C:/Users/alvas/AppData/Local/Temp/alt9490_4153096073308981270.dir/0018_mem_3_gen/  ]
Info: mem_3: Done RTL generation for module 'mem_3_altera_avalon_onchip_memory2_1931_h4b5dza'
Info: mem_3: Done "mem_3" with 2 modules, 2 files
Info: Generating the following file(s) for MODELSIM simulator in C:/Users/alvas/Documents/Work_ASD/Projects/Learning/sfp_test/ip/system_design/mem_3/sim/ directory:
Info: 	common/modelsim_files.tcl
Info: For information on how to simulate your IP, see the explanatory comments in the simulator-specific subdirectories under C:/Users/alvas/Documents/Work_ASD/Projects/Learning/sfp_test/ip/system_design/mem_3/sim/.
Info: Regenerate these scripts whenever you make any change to any Quartus-generated IP in your project.
Info: qsys-generate succeeded.
Info: Finished: Create simulation model
Info: Starting: Create simulation script
Info: sim-script-gen --system-file=C:\Users\alvas\Documents\Work_ASD\Projects\Learning\sfp_test\ip\system_design\mem_3.ip --simulator=MODELSIM --output-directory=C:/Users/alvas/Documents/Work_ASD/Projects/Learning/sfp_test/ip/system_design/mem_3/sim/ --use-relative-paths=true
Info: Generating the following file(s) for MODELSIM simulator in C:/Users/alvas/Documents/Work_ASD/Projects/Learning/sfp_test/ip/system_design/mem_3/sim/ directory:
Info: 	mentor/msim_setup.tcl
Info: For information on how to simulate your IP, see the explanatory comments in the simulator-specific subdirectories under C:/Users/alvas/Documents/Work_ASD/Projects/Learning/sfp_test/ip/system_design/mem_3/sim/.
Info: Regenerate these scripts whenever you make any change to any Quartus-generated IP in your project.
Info: Finished: Create simulation script
Info: Starting: Create block symbol file (.bsf)
Info: qsys-generate C:\Users\alvas\Documents\Work_ASD\Projects\Learning\sfp_test\ip\system_design\mem_3.ip --block-symbol-file --output-directory=C:\Users\alvas\Documents\Work_ASD\Projects\Learning\sfp_test\ip\system_design\mem_3 --family="Cyclone 10 GX" --part=10CX220YF780I5G
Info: qsys-generate succeeded.
Info: Finished: Create block symbol file (.bsf)
Info: 
Info: Starting: Create HDL design files for synthesis
Info: qsys-generate C:\Users\alvas\Documents\Work_ASD\Projects\Learning\sfp_test\ip\system_design\mem_3.ip --synthesis=VERILOG --output-directory=C:\Users\alvas\Documents\Work_ASD\Projects\Learning\sfp_test\ip\system_design\mem_3 --family="Cyclone 10 GX" --part=10CX220YF780I5G
Info: mem_3: "Transforming system: mem_3"
Info: mem_3: "Naming system components in system: mem_3"
Info: mem_3: "Processing generation queue"
Info: mem_3: "Generating: mem_3"
Info: mem_3: "Generating: mem_3_altera_avalon_onchip_memory2_1931_h4b5dza"
Info: mem_3: Starting RTL generation for module 'mem_3_altera_avalon_onchip_memory2_1931_h4b5dza'
Info: mem_3:   Generation command is [exec C:/intelfpga_pro/21.4/quartus/bin64//perl/bin/perl.exe -I C:/intelfpga_pro/21.4/quartus/bin64//perl/lib -I C:/intelfpga_pro/21.4/quartus/sopc_builder/bin/europa -I C:/intelfpga_pro/21.4/quartus/sopc_builder/bin/perl_lib -I C:/intelfpga_pro/21.4/quartus/sopc_builder/bin -I C:/intelfpga_pro/21.4/quartus/../ip/altera/sopc_builder_ip/common -I C:/intelfpga_pro/21.4/quartus/../ip/altera/sopc_builder_ip/altera_avalon_onchip_memory2 -- C:/intelfpga_pro/21.4/quartus/../ip/altera/sopc_builder_ip/altera_avalon_onchip_memory2/generate_rtl.pl --name=mem_3_altera_avalon_onchip_memory2_1931_h4b5dza --dir=C:/Users/alvas/AppData/Local/Temp/alt9490_4153096073308981270.dir/0020_mem_3_gen/ --quartus_dir=C:/intelfpga_pro/21.4/quartus --verilog --config=C:/Users/alvas/AppData/Local/Temp/alt9490_4153096073308981270.dir/0020_mem_3_gen//mem_3_altera_avalon_onchip_memory2_1931_h4b5dza_component_configuration.pl  --do_build_sim=0  ]
Info: mem_3: Done RTL generation for module 'mem_3_altera_avalon_onchip_memory2_1931_h4b5dza'
Info: mem_3: Done "mem_3" with 2 modules, 2 files
Info: qsys-generate succeeded.
Info: Finished: Create HDL design files for synthesis
