Info: Generated by version: 21.3 build 170
Info: Starting: Create simulation model
Info: qsys-generate D:\Documents\Projects\Learning\SFP_test\system_design.qsys --simulation=VERILOG --allow-mixed-language-simulation --simulator=MODELSIM --output-directory=D:\Documents\Projects\Learning\SFP_test\system_design --family="Cyclone 10 GX" --part=10CX220YF780E5G
Progress: Loading SFP_test/system_design.qsys
Progress: Reading input file
Progress: Parameterizing module clock_50_out
Progress: Parameterizing module init_mac
Progress: Parameterizing module mem_1
Progress: Parameterizing module mem_2
Progress: Parameterizing module mem_rcv_1
Progress: Parameterizing module mem_rcv_2
Progress: Parameterizing module pll
Progress: Parameterizing module receive_packet_1
Progress: Parameterizing module receive_packet_2
Progress: Parameterizing module reset_main
Progress: Parameterizing module reset_mod
Progress: Parameterizing module send_packet_1
Progress: Parameterizing module send_packet_2
Progress: Parameterizing module tse
Progress: Parameterizing module xcvr_pll
Progress: Building connections
Progress: Parameterizing connections
Progress: Validating
Progress: Done reading input file
Component Instantiation Warning: system_design.pll: Warnings found in IP parameterization.
Warning: system_design.receive_packet_2.fifo_status: receive_packet_2.fifo_status must be connected to an Avalon-ST sink
Warning: system_design.tse.receive_packet_type_0: tse.receive_packet_type_0 must be connected to an Avalon-ST sink
Warning: system_design.tse.receive_packet_type_1: tse.receive_packet_type_1 must be connected to an Avalon-ST sink
Warning: system_design.tse.receive_2: tse.receive_2 must be connected to an Avalon-ST sink
Warning: system_design.tse.transmit_2: tse.transmit_2 must be connected to an Avalon-ST source
Warning: system_design.tse.receive_packet_type_2: tse.receive_packet_type_2 must be connected to an Avalon-ST sink
Warning: system_design.tse.receive_3: tse.receive_3 must be connected to an Avalon-ST sink
Warning: system_design.tse.transmit_3: tse.transmit_3 must be connected to an Avalon-ST source
Warning: system_design.tse.receive_packet_type_3: tse.receive_packet_type_3 must be connected to an Avalon-ST sink
Warning: system_design.tse: tse.mac_misc_connection_2 must be exported, or connected to a matching conduit as it has unconnected inputs.
Warning: system_design.tse: tse.mac_misc_connection_3 must be exported, or connected to a matching conduit as it has unconnected inputs.
Warning: system_design.tse: tse.tx_analogreset_2 must be exported, or connected to a matching conduit as it has unconnected inputs.
Warning: system_design.tse: tse.tx_digitalreset_2 must be exported, or connected to a matching conduit as it has unconnected inputs.
Warning: system_design.tse: tse.rx_analogreset_2 must be exported, or connected to a matching conduit as it has unconnected inputs.
Warning: system_design.tse: tse.rx_digitalreset_2 must be exported, or connected to a matching conduit as it has unconnected inputs.
Warning: system_design.tse: tse.rx_set_locktodata_2 must be exported, or connected to a matching conduit as it has unconnected inputs.
Warning: system_design.tse: tse.rx_set_locktoref_2 must be exported, or connected to a matching conduit as it has unconnected inputs.
Warning: system_design.tse: tse.tx_analogreset_3 must be exported, or connected to a matching conduit as it has unconnected inputs.
Warning: system_design.tse: tse.tx_digitalreset_3 must be exported, or connected to a matching conduit as it has unconnected inputs.
Warning: system_design.tse: tse.rx_analogreset_3 must be exported, or connected to a matching conduit as it has unconnected inputs.
Warning: system_design.tse: tse.rx_digitalreset_3 must be exported, or connected to a matching conduit as it has unconnected inputs.
Warning: system_design.tse: tse.rx_set_locktodata_3 must be exported, or connected to a matching conduit as it has unconnected inputs.
Warning: system_design.tse: tse.rx_set_locktoref_3 must be exported, or connected to a matching conduit as it has unconnected inputs.
Warning: system_design.mem_rcv_2.s1: mem_rcv_2.s1 must be connected to an Avalon-MM host or exported
Warning: system_design.system_design: Must be the only host for agent receive_packet_2.avalon_master because waitrequest is missing 
Warning: system_design.receive_packet_2.avalon_master: receive_packet_2.avalon_master and mem_2.s1 must have the same clock domain
Warning: system_design.system_design: Must be the only host for agent send_packet_2.avalon_master because waitrequest is missing 
Error: system_design.receive_packet_2.avalon_master/mem_2.s1: Host receive_packet_2.avalon_master does not have waitrequest. Hosts without waitrequest cannot be connected to agents in different clock domains.
Error: qsys-generate failed with exit code 3: 1 Error, 28 Warnings
Info: Finished: Create simulation model
Info: Starting: Create simulation script
Info: sim-script-gen --system-file=D:\Documents\Projects\Learning\SFP_test\system_design.qsys --simulator=MODELSIM --output-directory=D:/Documents/Projects/Learning/SFP_test/system_design/sim/ --use-relative-paths=true
Info: Generating the following file(s) for MODELSIM simulator in D:/Documents/Projects/Learning/SFP_test/system_design/sim/ directory:
Info: 	mentor/msim_setup.tcl
Info: For information on how to simulate your IP, see the explanatory comments in the simulator-specific subdirectories under D:/Documents/Projects/Learning/SFP_test/system_design/sim/.
Info: Regenerate these scripts whenever you make any change to any Quartus-generated IP in your project.
Info: Finished: Create simulation script
Info: 
Info: Starting: Create HDL design files for synthesis
Info: qsys-generate D:\Documents\Projects\Learning\SFP_test\system_design.qsys --synthesis=VERILOG --output-directory=D:\Documents\Projects\Learning\SFP_test\system_design --family="Cyclone 10 GX" --part=10CX220YF780E5G
Progress: Loading SFP_test/system_design.qsys
Progress: Reading input file
Progress: Parameterizing module clock_50_out
Progress: Parameterizing module init_mac
Progress: Parameterizing module mem_1
Progress: Parameterizing module mem_2
Progress: Parameterizing module mem_rcv_1
Progress: Parameterizing module mem_rcv_2
Progress: Parameterizing module pll
Progress: Parameterizing module receive_packet_1
Progress: Parameterizing module receive_packet_2
Progress: Parameterizing module reset_main
Progress: Parameterizing module reset_mod
Progress: Parameterizing module send_packet_1
Progress: Parameterizing module send_packet_2
Progress: Parameterizing module tse
Progress: Parameterizing module xcvr_pll
Progress: Building connections
Progress: Parameterizing connections
Progress: Validating
Progress: Done reading input file
Component Instantiation Warning: system_design.pll: Warnings found in IP parameterization.
Warning: system_design.receive_packet_2.fifo_status: receive_packet_2.fifo_status must be connected to an Avalon-ST sink
Warning: system_design.tse.receive_packet_type_0: tse.receive_packet_type_0 must be connected to an Avalon-ST sink
Warning: system_design.tse.receive_packet_type_1: tse.receive_packet_type_1 must be connected to an Avalon-ST sink
Warning: system_design.tse.receive_2: tse.receive_2 must be connected to an Avalon-ST sink
Warning: system_design.tse.transmit_2: tse.transmit_2 must be connected to an Avalon-ST source
Warning: system_design.tse.receive_packet_type_2: tse.receive_packet_type_2 must be connected to an Avalon-ST sink
Warning: system_design.tse.receive_3: tse.receive_3 must be connected to an Avalon-ST sink
Warning: system_design.tse.transmit_3: tse.transmit_3 must be connected to an Avalon-ST source
Warning: system_design.tse.receive_packet_type_3: tse.receive_packet_type_3 must be connected to an Avalon-ST sink
Warning: system_design.tse: tse.mac_misc_connection_2 must be exported, or connected to a matching conduit as it has unconnected inputs.
Warning: system_design.tse: tse.mac_misc_connection_3 must be exported, or connected to a matching conduit as it has unconnected inputs.
Warning: system_design.tse: tse.tx_analogreset_2 must be exported, or connected to a matching conduit as it has unconnected inputs.
Warning: system_design.tse: tse.tx_digitalreset_2 must be exported, or connected to a matching conduit as it has unconnected inputs.
Warning: system_design.tse: tse.rx_analogreset_2 must be exported, or connected to a matching conduit as it has unconnected inputs.
Warning: system_design.tse: tse.rx_digitalreset_2 must be exported, or connected to a matching conduit as it has unconnected inputs.
Warning: system_design.tse: tse.rx_set_locktodata_2 must be exported, or connected to a matching conduit as it has unconnected inputs.
Warning: system_design.tse: tse.rx_set_locktoref_2 must be exported, or connected to a matching conduit as it has unconnected inputs.
Warning: system_design.tse: tse.tx_analogreset_3 must be exported, or connected to a matching conduit as it has unconnected inputs.
Warning: system_design.tse: tse.tx_digitalreset_3 must be exported, or connected to a matching conduit as it has unconnected inputs.
Warning: system_design.tse: tse.rx_analogreset_3 must be exported, or connected to a matching conduit as it has unconnected inputs.
Warning: system_design.tse: tse.rx_digitalreset_3 must be exported, or connected to a matching conduit as it has unconnected inputs.
Warning: system_design.tse: tse.rx_set_locktodata_3 must be exported, or connected to a matching conduit as it has unconnected inputs.
Warning: system_design.tse: tse.rx_set_locktoref_3 must be exported, or connected to a matching conduit as it has unconnected inputs.
Warning: system_design.mem_rcv_2.s1: mem_rcv_2.s1 must be connected to an Avalon-MM host or exported
Warning: system_design.system_design: Must be the only host for agent receive_packet_2.avalon_master because waitrequest is missing 
Warning: system_design.receive_packet_2.avalon_master: receive_packet_2.avalon_master and mem_2.s1 must have the same clock domain
Warning: system_design.system_design: Must be the only host for agent send_packet_2.avalon_master because waitrequest is missing 
Error: system_design.receive_packet_2.avalon_master/mem_2.s1: Host receive_packet_2.avalon_master does not have waitrequest. Hosts without waitrequest cannot be connected to agents in different clock domains.
Error: qsys-generate failed with exit code 3: 1 Error, 28 Warnings
Info: Finished: Create HDL design files for synthesis
